WO-2011050211-A2	NO_PATTERN_FOUND
WO-2011058110-A1	NO_PATTERN_FOUND
WO-2011058113-A1	NO_PATTERN_FOUND
WO-2011063233-A1	NO_PATTERN_FOUND
WO-2012025925-A1	NO_PATTERN_FOUND
WO-2012025910-A1	NO_PATTERN_FOUND
WO-2012024920-A1	NO_PATTERN_FOUND
WO-2012025685-A1	NO_PATTERN_FOUND
WO-2012024893-A1	NO_PATTERN_FOUND
WO-2012025657-A1	NO_PATTERN_FOUND
WO-2012027091-A1	NO_PATTERN_FOUND
WO-2012027145-A1	NO_PATTERN_FOUND
WO-2012025864-A1	NO_PATTERN_FOUND
WO-2012025861-A1	NO_PATTERN_FOUND
WO-2012027144-A1	NO_PATTERN_FOUND
WO-2012027159-A1	NO_PATTERN_FOUND
WO-2012027170-A1	NO_PATTERN_FOUND
WO-2012027224-A1	NO_PATTERN_FOUND
WO-2012027219-A1	NO_PATTERN_FOUND
WO-2012027073-A1	NO_PATTERN_FOUND
WO-2012025857-A1	NO_PATTERN_FOUND
WO-2012025845-A1	NO_PATTERN_FOUND
WO-2012027204-A1	NO_PATTERN_FOUND
WO-2012025460-A1	NO_PATTERN_FOUND
WO-2012025514-A1	NO_PATTERN_FOUND
WO-2012025806-A1	NO_PATTERN_FOUND
WO-2012027222-A1	NO_PATTERN_FOUND
WO-2012025501-A1	NO_PATTERN_FOUND
WO-2012027230-A1	NO_PATTERN_FOUND
WO-2012025167-A1	NO_PATTERN_FOUND
WO-2012025473-A1	NO_PATTERN_FOUND
WO-2012027214-A1	NO_PATTERN_FOUND
WO-2012027236-A1	NO_PATTERN_FOUND
WO-2012025474-A1	NO_PATTERN_FOUND
WO-2012027217-A1	NO_PATTERN_FOUND
WO-2012025496-A1	NO_PATTERN_FOUND
WO-2012027195-A1	NO_PATTERN_FOUND
WO-2012025164-A1	NO_PATTERN_FOUND
WO-2012025761-A1	NO_PATTERN_FOUND
WO-2012025054-A1	NO_PATTERN_FOUND
WO-2012025464-A1	NO_PATTERN_FOUND
WO-2012024794-A1	NO_PATTERN_FOUND
WO-2012025469-A1	NO_PATTERN_FOUND
WO-2012025709-A1	NO_PATTERN_FOUND
WO-2012025195-A1	NO_PATTERN_FOUND
WO-2012025745-A1	NO_PATTERN_FOUND
WO-2012025186-A1	NO_PATTERN_FOUND
WO-2012025055-A1	NO_PATTERN_FOUND
WO-2012024784-A1	NO_PATTERN_FOUND
WO-2012024785-A1	NO_PATTERN_FOUND
WO-2012024793-A1	NO_PATTERN_FOUND
WO-2012025726-A1	NO_PATTERN_FOUND
WO-2012024770-A1	NO_PATTERN_FOUND
WO-2012024782-A1	NO_PATTERN_FOUND
WO-2012025711-A1	NO_PATTERN_FOUND
WO-2012024772-A1	NO_PATTERN_FOUND
WO-2012025346-A1	NO_PATTERN_FOUND
WO-2012025355-A1	NO_PATTERN_FOUND
WO-2012025725-A1	NO_PATTERN_FOUND
WO-2012025729-A1	NO_PATTERN_FOUND
WO-2012024776-A1	NO_PATTERN_FOUND
WO-2012025780-A1	NO_PATTERN_FOUND
WO-2012024758-A1	NO_PATTERN_FOUND
WO-2012025236-A1	NO_PATTERN_FOUND
WO-2012025208-A1	NO_PATTERN_FOUND
WO-2012025450-A1	NO_PATTERN_FOUND
WO-2012025637-A1	NO_PATTERN_FOUND
WO-2012025252-A1	NO_PATTERN_FOUND
WO-2012025238-A1	NO_PATTERN_FOUND
WO-2012025221-A1	NO_PATTERN_FOUND
WO-2012024767-A1	NO_PATTERN_FOUND
WO-2012025217-A1	NO_PATTERN_FOUND
WO-2012025619-A1	NO_PATTERN_FOUND
WO-2012025225-A1	NO_PATTERN_FOUND
WO-2012025633-A1	NO_PATTERN_FOUND
WO-2012025250-A1	NO_PATTERN_FOUND
WO-2012025251-A1	NO_PATTERN_FOUND
WO-2012025624-A1	NO_PATTERN_FOUND
WO-2012025229-A1	NO_PATTERN_FOUND
WO-2012025576-A1	NO_PATTERN_FOUND
WO-2012025532-A1	NO_PATTERN_FOUND
WO-2012025612-A1	NO_PATTERN_FOUND
WO-2012025609-A1	NO_PATTERN_FOUND
WO-2012025536-A1	NO_PATTERN_FOUND
WO-2012025646-A1	NO_PATTERN_FOUND
WO-2012025628-A1	NO_PATTERN_FOUND
WO-2012025587-A1	NO_PATTERN_FOUND
WO-2012025553-A1	NO_PATTERN_FOUND
WO-2012025616-A1	NO_PATTERN_FOUND
WO-2012025603-A1	NO_PATTERN_FOUND
WO-2012025651-A1	NO_PATTERN_FOUND
WO-2012025602-A1	NO_PATTERN_FOUND
WO-2012025636-A1	NO_PATTERN_FOUND
WO-2012025534-A1	NO_PATTERN_FOUND
WO-2012025629-A1	NO_PATTERN_FOUND
WO-2012025577-A1	NO_PATTERN_FOUND
WO-2012025618-A1	NO_PATTERN_FOUND
WO-2012025530-A1	NO_PATTERN_FOUND
WO-2012025638-A1	NO_PATTERN_FOUND
WO-2012025362-A1	NO_PATTERN_FOUND
WO-2012025557-A1	NO_PATTERN_FOUND
WO-2012025239-A1	NO_PATTERN_FOUND
WO-2011161531-A1	NO_PATTERN_FOUND
WO-2012025621-A1	NO_PATTERN_FOUND
WO-2011161549-A2	NO_PATTERN_FOUND
WO-2011161570-A2	NO_PATTERN_FOUND
WO-2011162400-A2	NO_PATTERN_FOUND
WO-2011161537-A2	PATTERN_FOUND
WO-2011160864-A2	NO_PATTERN_FOUND
WO-2011161056-A2	NO_PATTERN_FOUND
WO-2011163206-A2	NO_PATTERN_FOUND
WO-2011159755-A2	NO_PATTERN_FOUND
WO-2011159996-A2	NO_PATTERN_FOUND
WO-2012003205-A2	NO_PATTERN_FOUND
WO-2012003398-A1	NO_PATTERN_FOUND
WO-2012006613-A2	NO_PATTERN_FOUND
WO-2012026766-A2	NO_PATTERN_FOUND
WO-2012005410-A1	NO_PATTERN_FOUND
WO-2012001521-A2	NO_PATTERN_FOUND
WO-2012024849-A1	NO_PATTERN_FOUND
WO-2012025939-A1	NO_PATTERN_FOUND
WO-2012026615-A1	NO_PATTERN_FOUND
WO-2012026743-A2	NO_PATTERN_FOUND
WO-2012026608-A1	NO_PATTERN_FOUND
WO-2012026575-A1	NO_PATTERN_FOUND
WO-2012026526-A1	NO_PATTERN_FOUND
WO-2012026529-A1	NO_PATTERN_FOUND
WO-2012025940-A1	NO_PATTERN_FOUND
WO-2012025942-A1	NO_PATTERN_FOUND
WO-2012026309-A1	NO_PATTERN_FOUND
WO-2012026713-A2	NO_PATTERN_FOUND
WO-2012026565-A1	NO_PATTERN_FOUND
WO-2011142636-A9	NO_PATTERN_FOUND
WO-2012026566-A1	NO_PATTERN_FOUND
WO-2012026543-A1	NO_PATTERN_FOUND
WO-2011159092-A9	NO_PATTERN_FOUND
WO-2012026336-A1	NO_PATTERN_FOUND
WO-2011145872-A9	NO_PATTERN_FOUND
WO-2012026708-A2	NO_PATTERN_FOUND
WO-2012026316-A1	NO_PATTERN_FOUND
WO-2011090333-A9	NO_PATTERN_FOUND
WO-2011004944-A9	NO_PATTERN_FOUND
WO-2012026665-A1	NO_PATTERN_FOUND
WO-2012026780-A1	NO_PATTERN_FOUND
WO-2012026433-A1	NO_PATTERN_FOUND
WO-2012026468-A1	NO_PATTERN_FOUND
WO-2012026106-A1	NO_PATTERN_FOUND
EP-1526880-B1	NO_PATTERN_FOUND
EP-1735042-B1	NO_PATTERN_FOUND
EP-2314640-A1	NO_PATTERN_FOUND
EP-2345368-A1	NO_PATTERN_FOUND
EP-2289510-A1	NO_PATTERN_FOUND
EP-1746999-B1	NO_PATTERN_FOUND
EP-1927602-B1	NO_PATTERN_FOUND
EP-1438586-B1	NO_PATTERN_FOUND
EP-1413630-B1	NO_PATTERN_FOUND
EP-1902714-B1	NO_PATTERN_FOUND
EP-1720909-B1	NO_PATTERN_FOUND
EP-2344639-A2	NO_PATTERN_FOUND
EP-1942340-B1	NO_PATTERN_FOUND
EP-2344519-A2	NO_PATTERN_FOUND
EP-1950200-B1	NO_PATTERN_FOUND
EP-2386636-A2	NO_PATTERN_FOUND
EP-2345428-A2	NO_PATTERN_FOUND
EP-2163591-A3	NO_PATTERN_FOUND
EP-2388017-A2	NO_PATTERN_FOUND
EP-2386307-A1	NO_PATTERN_FOUND
EP-2387408-A1	NO_PATTERN_FOUND
EP-2385041-A1	NO_PATTERN_FOUND
EP-2344605-A2	NO_PATTERN_FOUND
EP-2405011-A2	NO_PATTERN_FOUND
EP-2380991-A1	NO_PATTERN_FOUND
EP-2260301-B1	NO_PATTERN_FOUND
EP-2400012-A2	NO_PATTERN_FOUND
EP-2399998-A2	NO_PATTERN_FOUND
EP-2400010-A2	NO_PATTERN_FOUND
EP-2387567-A2	NO_PATTERN_FOUND
EP-2163592-A3	NO_PATTERN_FOUND
EP-2388582-A1	NO_PATTERN_FOUND
EP-2344883-A2	NO_PATTERN_FOUND
EP-2400014-A2	NO_PATTERN_FOUND
EP-2400008-A2	NO_PATTERN_FOUND
EP-2399582-A1	NO_PATTERN_FOUND
EP-2400009-A2	NO_PATTERN_FOUND
EP-2405984-A1	NO_PATTERN_FOUND
EP-2388329-A2	NO_PATTERN_FOUND
EP-2405024-A1	NO_PATTERN_FOUND
EP-2406338-A1	NO_PATTERN_FOUND
EP-2344625-A2	NO_PATTERN_FOUND
EP-2407532-A2	NO_PATTERN_FOUND
EP-2399903-A1	NO_PATTERN_FOUND
EP-2399648-A2	NO_PATTERN_FOUND
EP-2407466-A1	PATTERN_FOUND
EP-2405021-A1	NO_PATTERN_FOUND
EP-2399999-A2	NO_PATTERN_FOUND
EP-2405272-A1	NO_PATTERN_FOUND
EP-2400296-A2	NO_PATTERN_FOUND
EP-2404915-A1	NO_PATTERN_FOUND
EP-2400016-A2	NO_PATTERN_FOUND
EP-2400019-A2	NO_PATTERN_FOUND
EP-2404920-A1	NO_PATTERN_FOUND
EP-2390335-A2	NO_PATTERN_FOUND
EP-2400288-A1	NO_PATTERN_FOUND
EP-2399933-A1	NO_PATTERN_FOUND
EP-2389937-A1	NO_PATTERN_FOUND
EP-2399995-A2	NO_PATTERN_FOUND
JP-2004352972-A	NO_PATTERN_FOUND
WO-2012025928-A1	NO_PATTERN_FOUND
WO-2012025921-A1	NO_PATTERN_FOUND
WO-2012027234-A1	NO_PATTERN_FOUND
WO-2012026639-A1	NO_PATTERN_FOUND
WO-2012027206-A1	NO_PATTERN_FOUND
EP-2315004-A1	NO_PATTERN_FOUND
WO-2012025374-A1	NO_PATTERN_FOUND
WO-2011159092-A2	NO_PATTERN_FOUND
WO-2012025760-A1	NO_PATTERN_FOUND
WO-2011163328-A2	NO_PATTERN_FOUND
WO-2012026491-A1	NO_PATTERN_FOUND
WO-2011107482-A9	NO_PATTERN_FOUND
WO-2012005561-A2	NO_PATTERN_FOUND
WO-2012025914-A1	NO_PATTERN_FOUND
WO-2012025912-A1	NO_PATTERN_FOUND
WO-2012026663-A1	NO_PATTERN_FOUND
WO-2012025525-A1	NO_PATTERN_FOUND
WO-2012025510-A1	NO_PATTERN_FOUND
WO-2012024818-A1	NO_PATTERN_FOUND
WO-2012025502-A1	NO_PATTERN_FOUND
WO-2012025751-A1	NO_PATTERN_FOUND
WO-2012025746-A1	NO_PATTERN_FOUND
WO-2012027242-A1	NO_PATTERN_FOUND
WO-2012025506-A1	NO_PATTERN_FOUND
WO-2012025237-A1	NO_PATTERN_FOUND
WO-2012025551-A1	NO_PATTERN_FOUND
WO-2012003367-A2	NO_PATTERN_FOUND
EP-1705167-B1	NO_PATTERN_FOUND
JP-2008069164-A	NO_PATTERN_FOUND
JP-2008074873-A	NO_PATTERN_FOUND
JP-2008110997-A	NO_PATTERN_FOUND
JP-2008056660-A	NO_PATTERN_FOUND
JP-2008101000-A	NO_PATTERN_FOUND
JP-2008111001-A	NO_PATTERN_FOUND
JP-2010285435-A	NO_PATTERN_FOUND
JP-2010285501-A	NO_PATTERN_FOUND
JP-2010275291-A	NO_PATTERN_FOUND
JP-2010275232-A	NO_PATTERN_FOUND
JP-2010275231-A	NO_PATTERN_FOUND
JP-2010279704-A	NO_PATTERN_FOUND
JP-2010281633-A	NO_PATTERN_FOUND
JP-2011006377-A	NO_PATTERN_FOUND
JP-2011006470-A	NO_PATTERN_FOUND
JP-2011016836-A	NO_PATTERN_FOUND
JP-2011006428-A	NO_PATTERN_FOUND
JP-2008022849-A	NO_PATTERN_FOUND
JP-2011166104-A	NO_PATTERN_FOUND
JP-2011157282-A	NO_PATTERN_FOUND
JP-2011178774-A	NO_PATTERN_FOUND
JP-2011177158-A	NO_PATTERN_FOUND
JP-2011520853-A	NO_PATTERN_FOUND
JP-2011162435-A	NO_PATTERN_FOUND
JP-2011520885-A	NO_PATTERN_FOUND
JP-2011522041-A	NO_PATTERN_FOUND
JP-2011169753-A	NO_PATTERN_FOUND
JP-2011522802-A	NO_PATTERN_FOUND
JP-2011162540-A	NO_PATTERN_FOUND
JP-2011173921-A	NO_PATTERN_FOUND
JP-2011520931-A	NO_PATTERN_FOUND
JP-2011168549-A	NO_PATTERN_FOUND
JP-2011168613-A	NO_PATTERN_FOUND
JP-2011166105-A	NO_PATTERN_FOUND
JP-2011526909-A	NO_PATTERN_FOUND
JP-2011527952-A	NO_PATTERN_FOUND
JP-2011527243-A	NO_PATTERN_FOUND
JP-2011524853-A	NO_PATTERN_FOUND
JP-2011527706-A	NO_PATTERN_FOUND
JP-2011529998-A	NO_PATTERN_FOUND
US-7897032-B2	NO_PATTERN_FOUND
US-7897080-B2	NO_PATTERN_FOUND
US-8067402-B2	NO_PATTERN_FOUND
US-8066957-B2	NO_PATTERN_FOUND
US-8058443-B2	NO_PATTERN_FOUND
US-8066781-B2	NO_PATTERN_FOUND
US-8062838-B2	NO_PATTERN_FOUND
US-20110062637-A1	NO_PATTERN_FOUND
US-8053208-B2	NO_PATTERN_FOUND
US-8067403-B2	NO_PATTERN_FOUND
US-20110053848-A1	NO_PATTERN_FOUND
US-8057813-B2	NO_PATTERN_FOUND
US-8057789-B2	NO_PATTERN_FOUND
US-20120009240-A1	NO_PATTERN_FOUND
US-20110056609-A1	NO_PATTERN_FOUND
US-8053427-B1	NO_PATTERN_FOUND
US-20110059014-A1	NO_PATTERN_FOUND
US-8053209-B2	NO_PATTERN_FOUND
US-20110015228-A1	NO_PATTERN_FOUND
US-20120009288-A1	NO_PATTERN_FOUND
US-20110059477-A1	NO_PATTERN_FOUND
US-20120010265-A1	NO_PATTERN_FOUND
US-20120010205-A1	NO_PATTERN_FOUND
US-20110288127-A1	NO_PATTERN_FOUND
US-20120006682-A1	NO_PATTERN_FOUND
US-20110287546-A1	NO_PATTERN_FOUND
US-20110287414-A1	NO_PATTERN_FOUND
JP-2005226065-A	NO_PATTERN_FOUND
WO-2012024839-A1	NO_PATTERN_FOUND
WO-2012027216-A1	NO_PATTERN_FOUND
WO-2012025753-A1	NO_PATTERN_FOUND
WO-2012025650-A1	NO_PATTERN_FOUND
WO-2012025611-A1	NO_PATTERN_FOUND
WO-2012025591-A1	NO_PATTERN_FOUND
WO-2012025937-A1	NO_PATTERN_FOUND
JP-2008069182-A	NO_PATTERN_FOUND
JP-2008094846-A	NO_PATTERN_FOUND
JP-2010272309-A	NO_PATTERN_FOUND
JP-2011001437-A	NO_PATTERN_FOUND
JP-2011016784-A	NO_PATTERN_FOUND
JP-2011007705-A	NO_PATTERN_FOUND
JP-2011099789-A	NO_PATTERN_FOUND
JP-2010275248-A	NO_PATTERN_FOUND
JP-2011002528-A	NO_PATTERN_FOUND
JP-2011001386-A	NO_PATTERN_FOUND
JP-2011011997-A	NO_PATTERN_FOUND
JP-2011011979-A	NO_PATTERN_FOUND
JP-2011178815-A	NO_PATTERN_FOUND
JP-2011169787-A	NO_PATTERN_FOUND
JP-2011174944-A	NO_PATTERN_FOUND
JP-2011522385-A	NO_PATTERN_FOUND
JP-2011176333-A	NO_PATTERN_FOUND
JP-2011177118-A	NO_PATTERN_FOUND
JP-2011526267-A	NO_PATTERN_FOUND
US-7897390-B2	NO_PATTERN_FOUND
US-8063281-B2	NO_PATTERN_FOUND
US-8054941-B2	NO_PATTERN_FOUND
US-20110265212-A1	NO_PATTERN_FOUND
US-20110064190-A1	NO_PATTERN_FOUND
US-20110258729-A1	NO_PATTERN_FOUND
US-20110265210-A1	NO_PATTERN_FOUND
US-20110258731-A1	NO_PATTERN_FOUND
US-20110265211-A1	NO_PATTERN_FOUND
US-20120009325-A1	NO_PATTERN_FOUND
US-20110283391-A1	NO_PATTERN_FOUND
US-20110258718-A1	NO_PATTERN_FOUND
US-20110283393-A1	NO_PATTERN_FOUND
US-20110277114-A1	NO_PATTERN_FOUND
US-20110277126-A1	NO_PATTERN_FOUND
US-20110274593-A1	NO_PATTERN_FOUND
US-20110289624-A1	NO_PATTERN_FOUND
US-20110287020-A1	NO_PATTERN_FOUND
US-20120010115-A1	NO_PATTERN_FOUND
US-20110287405-A1	NO_PATTERN_FOUND
US-20110281822-A1	NO_PATTERN_FOUND
US-20110284765-A1	NO_PATTERN_FOUND
US-20110277337-A1	NO_PATTERN_FOUND
US-20120007071-A1	NO_PATTERN_FOUND
US-20120007058-A1	NO_PATTERN_FOUND
US-20110275587-A1	NO_PATTERN_FOUND
US-20120009132-A1	NO_PATTERN_FOUND
US-20120010210-A1	NO_PATTERN_FOUND
US-20110288227-A1	NO_PATTERN_FOUND
US-20110277486-A1	NO_PATTERN_FOUND
US-20110288273-A1	NO_PATTERN_FOUND
US-20110268680-A1	NO_PATTERN_FOUND
US-20110280825-A1	NO_PATTERN_FOUND
WO-2011008501-A2	NO_PATTERN_FOUND
WO-2011021398-A1	NO_PATTERN_FOUND
WO-2010118405-A3	NO_PATTERN_FOUND
US-20110278763-A1	NO_PATTERN_FOUND
US-20110274746-A1	NO_PATTERN_FOUND
WO-2011106088-A3	NO_PATTERN_FOUND
WO-2011033392-A2	NO_PATTERN_FOUND
WO-2011145629-A3	NO_PATTERN_FOUND
WO-2011151726-A2	NO_PATTERN_FOUND
WO-2011152742-A2	NO_PATTERN_FOUND
WO-2011152566-A2	NO_PATTERN_FOUND
WO-2011020298-A1	NO_PATTERN_FOUND
WO-2011150517-A2	NO_PATTERN_FOUND
US-20110281363-A1	NO_PATTERN_FOUND
WO-2011145105-A2	NO_PATTERN_FOUND
WO-2011151083-A2	NO_PATTERN_FOUND
WO-2011144746-A2	NO_PATTERN_FOUND
WO-2011135580-A2	NO_PATTERN_FOUND
WO-2011147981-A2	NO_PATTERN_FOUND
WO-2011163085-A2	NO_PATTERN_FOUND
WO-2011134937-A2	NO_PATTERN_FOUND
WO-2012006250-A1	NO_PATTERN_FOUND
WO-2011152804-A2	NO_PATTERN_FOUND
WO-2011027130-A1	NO_PATTERN_FOUND
WO-2012005795-A1	NO_PATTERN_FOUND
WO-2012005806-A2	NO_PATTERN_FOUND
WO-2011149993-A2	NO_PATTERN_FOUND
WO-2012003811-A1	NO_PATTERN_FOUND
WO-2011141451-A1	NO_PATTERN_FOUND
WO-2011156467-A2	NO_PATTERN_FOUND
WO-2011163628-A2	NO_PATTERN_FOUND
WO-2012004457-A1	NO_PATTERN_FOUND
WO-2012005973-A1	NO_PATTERN_FOUND
WO-2012005664-A1	NO_PATTERN_FOUND
WO-2012004900-A1	NO_PATTERN_FOUND
WO-2012006265-A1	NO_PATTERN_FOUND
WO-2011162904-A2	NO_PATTERN_FOUND
WO-2011143318-A2	NO_PATTERN_FOUND
WO-2012005473-A2	NO_PATTERN_FOUND
WO-2012005240-A1	NO_PATTERN_FOUND
WO-2011151436-A2	NO_PATTERN_FOUND
WO-2011150457-A2	NO_PATTERN_FOUND
WO-2012005691-A1	NO_PATTERN_FOUND
WO-2011140644-A1	NO_PATTERN_FOUND
WO-2011151076-A2	NO_PATTERN_FOUND
WO-2012006569-A1	NO_PATTERN_FOUND
WO-2011147889-A1	NO_PATTERN_FOUND
WO-2012005690-A1	NO_PATTERN_FOUND
WO-2011139387-A1	NO_PATTERN_FOUND
WO-2011137587-A1	NO_PATTERN_FOUND
WO-2011148131-A2	NO_PATTERN_FOUND
WO-2011144725-A2	NO_PATTERN_FOUND
WO-2011149500-A1	NO_PATTERN_FOUND
WO-2012006178-A1	NO_PATTERN_FOUND
WO-2012005693-A1	NO_PATTERN_FOUND
WO-2012004438-A1	NO_PATTERN_FOUND
WO-2012005800-A1	NO_PATTERN_FOUND
WO-2011163557-A2	NO_PATTERN_FOUND
WO-2012005824-A1	NO_PATTERN_FOUND
WO-2012005775-A1	NO_PATTERN_FOUND
WO-2012006538-A1	NO_PATTERN_FOUND
WO-2012005227-A1	NO_PATTERN_FOUND
WO-2012006544-A1	NO_PATTERN_FOUND
WO-2011141721-A2	NO_PATTERN_FOUND
WO-2012005606-A1	NO_PATTERN_FOUND
WO-2011161206-A1	NO_PATTERN_FOUND
WO-2012006088-A1	NO_PATTERN_FOUND
WO-2011163526-A2	NO_PATTERN_FOUND
WO-2011161127-A1	NO_PATTERN_FOUND
WO-2011161035-A1	NO_PATTERN_FOUND
WO-2012001241-A1	NO_PATTERN_FOUND
WO-2012004981-A1	NO_PATTERN_FOUND
WO-2011157654-A1	NO_PATTERN_FOUND
WO-2012002913-A1	NO_PATTERN_FOUND
WO-2012005312-A1	NO_PATTERN_FOUND
WO-2012006101-A2	NO_PATTERN_FOUND
WO-2012005680-A1	NO_PATTERN_FOUND
WO-2012005368-A1	NO_PATTERN_FOUND
WO-2012006302-A1	NO_PATTERN_FOUND
WO-2012005354-A1	NO_PATTERN_FOUND
WO-2012005563-A1	NO_PATTERN_FOUND
WO-2012003562-A1	NO_PATTERN_FOUND
WO-2012005310-A1	NO_PATTERN_FOUND
WO-2012005372-A1	NO_PATTERN_FOUND
WO-2012006117-A2	NO_PATTERN_FOUND
WO-2012003642-A1	NO_PATTERN_FOUND
WO-2012000102-A1	NO_PATTERN_FOUND
WO-2012003579-A1	NO_PATTERN_FOUND
WO-2012006038-A2	NO_PATTERN_FOUND
WO-2012003644-A1	NO_PATTERN_FOUND
WO-2011158130-A2	NO_PATTERN_FOUND
WO-2012002911-A1	NO_PATTERN_FOUND
WO-2012005216-A1	NO_PATTERN_FOUND
WO-2012003576-A1	NO_PATTERN_FOUND
WO-2011156252-A2	NO_PATTERN_FOUND
WO-2012003598-A1	NO_PATTERN_FOUND
WO-2012002507-A1	NO_PATTERN_FOUND
WO-2012003545-A1	NO_PATTERN_FOUND
WO-2011162818-A2	NO_PATTERN_FOUND
WO-2011159777-A2	NO_PATTERN_FOUND
WO-2012000552-A1	NO_PATTERN_FOUND
WO-2012004917-A1	NO_PATTERN_FOUND
WO-2011160569-A1	NO_PATTERN_FOUND
WO-2011161159-A1	PATTERN_FOUND
WO-2011161053-A1	NO_PATTERN_FOUND
WO-2012003466-A1	NO_PATTERN_FOUND
WO-2012002500-A1	NO_PATTERN_FOUND
WO-2012004875-A1	NO_PATTERN_FOUND
WO-2012002512-A1	NO_PATTERN_FOUND
WO-2012003475-A1	NO_PATTERN_FOUND
WO-2012002477-A1	NO_PATTERN_FOUND
WO-2012003320-A2	NO_PATTERN_FOUND
WO-2012003359-A1	NO_PATTERN_FOUND
WO-2011157496-A1	NO_PATTERN_FOUND
WO-2012001063-A1	NO_PATTERN_FOUND
WO-2012002882-A1	NO_PATTERN_FOUND
WO-2012005339-A1	NO_PATTERN_FOUND
WO-2012005328-A1	NO_PATTERN_FOUND
WO-2012002548-A1	NO_PATTERN_FOUND
WO-2012002912-A1	NO_PATTERN_FOUND
WO-2012006283-A1	NO_PATTERN_FOUND
WO-2012003279-A2	NO_PATTERN_FOUND
WO-2012001050-A1	NO_PATTERN_FOUND
WO-2012002493-A1	NO_PATTERN_FOUND
WO-2012003563-A1	NO_PATTERN_FOUND
WO-2012000064-A1	NO_PATTERN_FOUND
WO-2012002597-A1	NO_PATTERN_FOUND
WO-2012000047-A1	NO_PATTERN_FOUND
WO-2012000925-A1	NO_PATTERN_FOUND
WO-2012000070-A1	NO_PATTERN_FOUND
WO-2012003031-A2	NO_PATTERN_FOUND
WO-2012003575-A1	NO_PATTERN_FOUND
WO-2012002594-A1	NO_PATTERN_FOUND
WO-2012002460-A1	NO_PATTERN_FOUND
WO-2012000970-A1	NO_PATTERN_FOUND
WO-2012001153-A1	NO_PATTERN_FOUND
WO-2012002450-A1	NO_PATTERN_FOUND
WO-2012000065-A1	NO_PATTERN_FOUND
WO-2012001020-A1	NO_PATTERN_FOUND
WO-2012002688-A2	NO_PATTERN_FOUND
WO-2012003462-A1	NO_PATTERN_FOUND
WO-2012001983-A1	NO_PATTERN_FOUND
US-20120027694-A1	NO_PATTERN_FOUND
US-20120028849-A1	NO_PATTERN_FOUND
US-20120028990-A1	NO_PATTERN_FOUND
WO-2012003197-A1	NO_PATTERN_FOUND
WO-2012002210-A1	NO_PATTERN_FOUND
WO-2012002687-A2	NO_PATTERN_FOUND
WO-2012003436-A1	NO_PATTERN_FOUND
WO-2012003476-A2	NO_PATTERN_FOUND
WO-2012000058-A1	NO_PATTERN_FOUND
WO-2012000057-A1	NO_PATTERN_FOUND
WO-2012001705-A2	NO_PATTERN_FOUND
WO-2012003073-A1	NO_PATTERN_FOUND
US-20120028825-A1	NO_PATTERN_FOUND
US-20120028937-A1	NO_PATTERN_FOUND
WO-2012002522-A1	NO_PATTERN_FOUND
WO-2012000188-A1	NO_PATTERN_FOUND
EP-1939198-A4	NO_PATTERN_FOUND
WO-2012001889-A1	NO_PATTERN_FOUND
US-20120028927-A1	NO_PATTERN_FOUND
WO-2012002582-A1	NO_PATTERN_FOUND
WO-2012002452-A1	NO_PATTERN_FOUND
WO-2012001969-A1	NO_PATTERN_FOUND
US-20120027745-A1	NO_PATTERN_FOUND
WO-2012002180-A1	NO_PATTERN_FOUND
US-20120027791-A1	NO_PATTERN_FOUND
US-20120027794-A1	NO_PATTERN_FOUND
EP-1888557-A4	NO_PATTERN_FOUND
EP-2248815-A4	NO_PATTERN_FOUND
EP-2235018-A4	NO_PATTERN_FOUND
WO-2012001820-A1	NO_PATTERN_FOUND
EP-2063898-A4	NO_PATTERN_FOUND
EP-2125724-A4	NO_PATTERN_FOUND
US-20120028324-A1	NO_PATTERN_FOUND
EP-2203441-A4	NO_PATTERN_FOUND
US-20120029025-A1	NO_PATTERN_FOUND
EP-2207545-A4	NO_PATTERN_FOUND
EP-2168954-A4	NO_PATTERN_FOUND
EP-2162136-A4	NO_PATTERN_FOUND
EP-2186814-A4	NO_PATTERN_FOUND
EP-2035376-A4	NO_PATTERN_FOUND
US-8053019-B2	NO_PATTERN_FOUND
US-8068899-B2	NO_PATTERN_FOUND
EP-2328904-A4	NO_PATTERN_FOUND
EP-2182817-A4	NO_PATTERN_FOUND
EP-2197879-A4	NO_PATTERN_FOUND
US-20120009135-A1	NO_PATTERN_FOUND
WO-2012006407-A2	NO_PATTERN_FOUND
US-20110042570-A1	NO_PATTERN_FOUND
EP-1887891-A4	NO_PATTERN_FOUND
US-20110059022-A1	NO_PATTERN_FOUND
US-20110057671-A1	NO_PATTERN_FOUND
WO-2012005605-A1	NO_PATTERN_FOUND
WO-2012003599-A1	NO_PATTERN_FOUND
WO-2012005365-A1	NO_PATTERN_FOUND
WO-2012005200-A1	NO_PATTERN_FOUND
WO-2011163463-A1	NO_PATTERN_FOUND
WO-2012002274-A1	NO_PATTERN_FOUND
WO-2011139348-A9	NO_PATTERN_FOUND
WO-2011160848-A1	NO_PATTERN_FOUND
WO-2011160563-A1	NO_PATTERN_FOUND
WO-2011157815-A1	NO_PATTERN_FOUND
WO-2012001976-A1	NO_PATTERN_FOUND
WO-2011159910-A2	NO_PATTERN_FOUND
US-7958791-B2	NO_PATTERN_FOUND
WO-2012006000-A1	NO_PATTERN_FOUND
WO-2011157433-A1	NO_PATTERN_FOUND
WO-2011157748-A1	NO_PATTERN_FOUND
WO-2012002891-A1	NO_PATTERN_FOUND
US-7968614-B2	NO_PATTERN_FOUND
US-20110067599-A1	NO_PATTERN_FOUND
US-20110159273-A1	NO_PATTERN_FOUND
WO-2012006623-A1	NO_PATTERN_FOUND
WO-2011163323-A2	NO_PATTERN_FOUND
WO-2012006220-A1	NO_PATTERN_FOUND
WO-2011154611-A2	NO_PATTERN_FOUND
WO-2012006081-A1	NO_PATTERN_FOUND
WO-2012006307-A1	NO_PATTERN_FOUND
WO-2012000118-A1	NO_PATTERN_FOUND
WO-2012000906-A1	NO_PATTERN_FOUND
US-8128953-B2	NO_PATTERN_FOUND
US-8129172-B2	NO_PATTERN_FOUND
US-8129535-B2	NO_PATTERN_FOUND
US-8129115-B2	NO_PATTERN_FOUND
US-8129335-B2	NO_PATTERN_FOUND
US-8128962-B2	NO_PATTERN_FOUND
US-8129406-B2	NO_PATTERN_FOUND
US-8129408-B2	NO_PATTERN_FOUND
US-8129199-B2	NO_PATTERN_FOUND
US-8131479-B2	NO_PATTERN_FOUND
US-8127594-B2	NO_PATTERN_FOUND
US-8129594-B2	NO_PATTERN_FOUND
US-8128242-B2	NO_PATTERN_FOUND
US-8128960-B2	NO_PATTERN_FOUND
US-8129121-B2	NO_PATTERN_FOUND
US-8128970-B2	NO_PATTERN_FOUND
US-8129136-B2	NO_PATTERN_FOUND
US-8128989-B1	NO_PATTERN_FOUND
US-8129547-B2	NO_PATTERN_FOUND
US-8128959-B2	NO_PATTERN_FOUND
US-8131053-B2	NO_PATTERN_FOUND
US-8129122-B2	NO_PATTERN_FOUND
US-8129434-B2	NO_PATTERN_FOUND
US-8128967-B2	NO_PATTERN_FOUND
US-8129368-B2	NO_PATTERN_FOUND
US-8129433-B2	NO_PATTERN_FOUND
US-8129152-B2	NO_PATTERN_FOUND
US-8129150-B2	NO_PATTERN_FOUND
US-8129419-B2	NO_PATTERN_FOUND
US-8129147-B2	NO_PATTERN_FOUND
US-8129683-B2	NO_PATTERN_FOUND
US-8129725-B2	NO_PATTERN_FOUND
US-8129334-B2	NO_PATTERN_FOUND
US-8129125-B2	NO_PATTERN_FOUND
US-8128918-B2	NO_PATTERN_FOUND
US-8128958-B2	NO_PATTERN_FOUND
US-8129516-B1	NO_PATTERN_FOUND
US-8131476-B2	NO_PATTERN_FOUND
US-8129549-B2	NO_PATTERN_FOUND
US-8127593-B2	NO_PATTERN_FOUND
US-8128972-B2	NO_PATTERN_FOUND
US-8130375-B1	NO_PATTERN_FOUND
US-8131451-B2	NO_PATTERN_FOUND
US-8129530-B2	NO_PATTERN_FOUND
US-8129165-B2	NO_PATTERN_FOUND
US-8129532-B2	NO_PATTERN_FOUND
US-8128131-B2	NO_PATTERN_FOUND
US-8129145-B2	NO_PATTERN_FOUND
US-8128889-B2	NO_PATTERN_FOUND
US-8129367-B2	NO_PATTERN_FOUND
US-8129114-B2	NO_PATTERN_FOUND
US-8128890-B2	NO_PATTERN_FOUND
US-8129149-B1	NO_PATTERN_FOUND
US-8129170-B1	NO_PATTERN_FOUND
US-8129171-B2	NO_PATTERN_FOUND
US-8128796-B2	NO_PATTERN_FOUND
US-8128938-B1	NO_PATTERN_FOUND
US-8129554-B2	NO_PATTERN_FOUND
US-8128801-B2	NO_PATTERN_FOUND
US-8129354-B2	NO_PATTERN_FOUND
US-8131492-B2	NO_PATTERN_FOUND
US-8129151-B2	NO_PATTERN_FOUND
US-8129550-B2	NO_PATTERN_FOUND
US-8127761-B2	NO_PATTERN_FOUND
US-8129382-B2	NO_PATTERN_FOUND
US-8129356-B2	NO_PATTERN_FOUND
US-8128963-B2	NO_PATTERN_FOUND
US-8128954-B2	NO_PATTERN_FOUND
US-8128600-B2	NO_PATTERN_FOUND
US-8127627-B2	NO_PATTERN_FOUND
US-8129531-B2	NO_PATTERN_FOUND
US-8129422-B2	NO_PATTERN_FOUND
US-8129370-B2	NO_PATTERN_FOUND
US-8129407-B2	NO_PATTERN_FOUND
US-8129511-B2	NO_PATTERN_FOUND
US-8129589-B2	NO_PATTERN_FOUND
US-8129552-B2	NO_PATTERN_FOUND
US-8129514-B2	NO_PATTERN_FOUND
US-8128929-B2	NO_PATTERN_FOUND
US-8129146-B2	NO_PATTERN_FOUND
US-8128971-B1	NO_PATTERN_FOUND
US-8129163-B2	NO_PATTERN_FOUND
US-8129499-B2	NO_PATTERN_FOUND
US-8129189-B2	NO_PATTERN_FOUND
US-8129344-B2	NO_PATTERN_FOUND
US-8129141-B2	NO_PATTERN_FOUND
US-8130378-B2	NO_PATTERN_FOUND
US-8129519-B2	NO_PATTERN_FOUND
US-8129360-B2	NO_PATTERN_FOUND
US-8129513-B2	NO_PATTERN_FOUND
US-8129351-B2	NO_PATTERN_FOUND
US-8129432-B2	NO_PATTERN_FOUND
US-8129371-B2	NO_PATTERN_FOUND
US-8129676-B2	NO_PATTERN_FOUND
US-8129556-B2	NO_PATTERN_FOUND
US-8129197-B2	NO_PATTERN_FOUND
US-8129133-B2	NO_PATTERN_FOUND
US-8129525-B2	NO_PATTERN_FOUND
US-8129130-B2	NO_PATTERN_FOUND
US-8129546-B2	NO_PATTERN_FOUND
US-8129502-B2	NO_PATTERN_FOUND
US-8129431-B2	NO_PATTERN_FOUND
US-8128893-B2	NO_PATTERN_FOUND
US-8128932-B2	NO_PATTERN_FOUND
US-8129174-B2	NO_PATTERN_FOUND
US-8129557-B2	NO_PATTERN_FOUND
US-8129336-B1	NO_PATTERN_FOUND
US-8128911-B2	NO_PATTERN_FOUND
US-8129105-B2	NO_PATTERN_FOUND
US-8129195-B2	NO_PATTERN_FOUND
US-8129109-B2	NO_PATTERN_FOUND
US-8128927-B2	NO_PATTERN_FOUND
US-8132268-B2	NO_PATTERN_FOUND
US-8129403-B2	NO_PATTERN_FOUND
US-8129330-B2	NO_PATTERN_FOUND
US-8129363-B2	NO_PATTERN_FOUND
US-8129167-B2	NO_PATTERN_FOUND
US-8129137-B2	NO_PATTERN_FOUND
US-8128906-B2	NO_PATTERN_FOUND
US-8129131-B2	NO_PATTERN_FOUND
US-8128957-B1	NO_PATTERN_FOUND
US-8130371-B2	NO_PATTERN_FOUND
US-8128984-B2	NO_PATTERN_FOUND
US-8129544-B2	NO_PATTERN_FOUND
US-8128928-B2	NO_PATTERN_FOUND
US-8129143-B2	NO_PATTERN_FOUND
US-8127592-B2	NO_PATTERN_FOUND
US-8129585-B2	NO_PATTERN_FOUND
US-8129507-B2	NO_PATTERN_FOUND
US-8129379-B2	NO_PATTERN_FOUND
US-8129372-B2	NO_PATTERN_FOUND
US-8128794-B2	NO_PATTERN_FOUND
US-8129365-B2	NO_PATTERN_FOUND
US-8128949-B2	NO_PATTERN_FOUND
US-8128952-B2	NO_PATTERN_FOUND
US-8128955-B2	NO_PATTERN_FOUND
US-8130376-B2	NO_PATTERN_FOUND
US-8128920-B2	NO_PATTERN_FOUND
US-8131376-B1	NO_PATTERN_FOUND
US-8129196-B2	NO_PATTERN_FOUND
US-8129144-B2	NO_PATTERN_FOUND
US-8129142-B2	NO_PATTERN_FOUND
US-8129452-B2	NO_PATTERN_FOUND
US-8129536-B2	NO_PATTERN_FOUND
US-8129504-B2	NO_PATTERN_FOUND
US-8128913-B1	NO_PATTERN_FOUND
US-8130379-B1	NO_PATTERN_FOUND
US-20110277129-A1	NO_PATTERN_FOUND
US-20110277095-A1	NO_PATTERN_FOUND
US-20110258720-A1	NO_PATTERN_FOUND
US-20110283401-A1	NO_PATTERN_FOUND
US-20110283404-A1	NO_PATTERN_FOUND
US-20110277127-A1	NO_PATTERN_FOUND
US-20110277067-A1	NO_PATTERN_FOUND
US-20110277118-A1	NO_PATTERN_FOUND
US-20110277117-A1	NO_PATTERN_FOUND
US-20110277146-A1	NO_PATTERN_FOUND
US-20110277104-A1	NO_PATTERN_FOUND
US-20110283389-A1	NO_PATTERN_FOUND
US-20110277077-A1	NO_PATTERN_FOUND
US-20110271379-A1	NO_PATTERN_FOUND
US-20110277071-A1	NO_PATTERN_FOUND
US-20110277092-A1	NO_PATTERN_FOUND
US-20110277116-A1	NO_PATTERN_FOUND
US-20110277091-A1	NO_PATTERN_FOUND
US-20110277128-A1	NO_PATTERN_FOUND
US-20110277090-A1	NO_PATTERN_FOUND
US-20110271392-A1	NO_PATTERN_FOUND
US-20110277068-A1	NO_PATTERN_FOUND
US-20110277066-A1	NO_PATTERN_FOUND
US-20110277144-A1	NO_PATTERN_FOUND
US-20110277080-A1	NO_PATTERN_FOUND
US-20110277072-A1	NO_PATTERN_FOUND
US-20110277142-A1	NO_PATTERN_FOUND
US-20110277149-A1	NO_PATTERN_FOUND
US-20110277143-A1	NO_PATTERN_FOUND
US-20110277065-A1	NO_PATTERN_FOUND
US-20110271391-A1	NO_PATTERN_FOUND
US-20110277102-A1	NO_PATTERN_FOUND
US-20110283390-A1	NO_PATTERN_FOUND
US-20110277152-A1	NO_PATTERN_FOUND
US-20110277163-A1	NO_PATTERN_FOUND
US-20110277151-A1	NO_PATTERN_FOUND
US-20110277096-A1	NO_PATTERN_FOUND
US-20110277131-A1	NO_PATTERN_FOUND
US-20110271382-A1	NO_PATTERN_FOUND
US-20110271389-A1	NO_PATTERN_FOUND
US-20110277164-A1	NO_PATTERN_FOUND
US-20110277113-A1	NO_PATTERN_FOUND
US-20110283396-A1	NO_PATTERN_FOUND
US-20110277161-A1	NO_PATTERN_FOUND
US-20110277115-A1	NO_PATTERN_FOUND
US-20110280370-A1	NO_PATTERN_FOUND
US-20110283414-A1	NO_PATTERN_FOUND
US-20110271384-A1	NO_PATTERN_FOUND
US-20110283395-A1	NO_PATTERN_FOUND
US-20110271380-A1	NO_PATTERN_FOUND
US-20110277162-A1	NO_PATTERN_FOUND
US-20110277101-A1	NO_PATTERN_FOUND
US-20110277070-A1	NO_PATTERN_FOUND
US-20110271383-A1	NO_PATTERN_FOUND
US-20110277079-A1	NO_PATTERN_FOUND
US-20110277141-A1	NO_PATTERN_FOUND
US-20110277103-A1	NO_PATTERN_FOUND
US-20110277089-A1	NO_PATTERN_FOUND
US-20110277150-A1	NO_PATTERN_FOUND
US-20110277125-A1	NO_PATTERN_FOUND
US-20110283392-A1	NO_PATTERN_FOUND
US-20110277130-A1	NO_PATTERN_FOUND
US-20110277132-A1	NO_PATTERN_FOUND
US-20110277078-A1	NO_PATTERN_FOUND
US-20110271381-A1	NO_PATTERN_FOUND
US-20110271390-A1	NO_PATTERN_FOUND
WO-2012000095-A1	NO_PATTERN_FOUND
US-8063282-B1	NO_PATTERN_FOUND
US-20110046725-A1	NO_PATTERN_FOUND
US-20110265209-A1	NO_PATTERN_FOUND
WO-2012005172-A1	NO_PATTERN_FOUND
US-20120006091-A1	NO_PATTERN_FOUND
US-20110258730-A1	NO_PATTERN_FOUND
US-8130369-B2	NO_PATTERN_FOUND
US-8128894-B2	NO_PATTERN_FOUND
US-8131472-B2	NO_PATTERN_FOUND
US-8129602-B2	NO_PATTERN_FOUND
US-8129198-B2	NO_PATTERN_FOUND
US-8129193-B2	NO_PATTERN_FOUND
US-8130373-B2	NO_PATTERN_FOUND
US-8128892-B2	NO_PATTERN_FOUND
US-8129501-B2	NO_PATTERN_FOUND
US-8129468-B2	NO_PATTERN_FOUND
US-8129603-B2	NO_PATTERN_FOUND
US-8129600-B1	NO_PATTERN_FOUND
US-8129597-B2	NO_PATTERN_FOUND
US-8129037-B2	NO_PATTERN_FOUND
US-8128956-B2	NO_PATTERN_FOUND
US-8129570-B2	NO_PATTERN_FOUND
US-8130000-B2	NO_PATTERN_FOUND
US-8129979-B2	NO_PATTERN_FOUND
US-8129540-B2	NO_PATTERN_FOUND
US-8129426-B2	NO_PATTERN_FOUND
US-8129978-B2	NO_PATTERN_FOUND
US-8129337-B2	NO_PATTERN_FOUND
US-8128795-B2	NO_PATTERN_FOUND
US-8129181-B2	NO_PATTERN_FOUND
US-8128935-B2	NO_PATTERN_FOUND
US-8129108-B2	NO_PATTERN_FOUND
US-8129543-B2	NO_PATTERN_FOUND
US-8131493-B2	NO_PATTERN_FOUND
US-8129156-B2	NO_PATTERN_FOUND
US-8129182-B2	NO_PATTERN_FOUND
US-8129127-B2	NO_PATTERN_FOUND
US-8129169-B2	NO_PATTERN_FOUND
US-8129106-B2	NO_PATTERN_FOUND
US-8129350-B2	NO_PATTERN_FOUND
US-8129551-B2	NO_PATTERN_FOUND
US-8128965-B2	NO_PATTERN_FOUND
US-8128966-B2	NO_PATTERN_FOUND
US-8129506-B2	NO_PATTERN_FOUND
US-8128968-B2	NO_PATTERN_FOUND
US-8129362-B2	NO_PATTERN_FOUND
US-8129157-B2	NO_PATTERN_FOUND
US-8128961-B2	NO_PATTERN_FOUND
US-8129692-B2	NO_PATTERN_FOUND
US-8129518-B2	NO_PATTERN_FOUND
US-8129343-B2	NO_PATTERN_FOUND
US-8128905-B2	NO_PATTERN_FOUND
US-8127612-B2	NO_PATTERN_FOUND
US-8129521-B2	NO_PATTERN_FOUND
US-8128939-B2	NO_PATTERN_FOUND
US-8129375-B2	NO_PATTERN_FOUND
US-8129390-B2	NO_PATTERN_FOUND
US-8128946-B2	NO_PATTERN_FOUND
US-8128981-B2	NO_PATTERN_FOUND
US-8129421-B2	NO_PATTERN_FOUND
US-8129180-B2	NO_PATTERN_FOUND
US-8129345-B2	NO_PATTERN_FOUND
US-8129399-B2	NO_PATTERN_FOUND
US-8128964-B2	NO_PATTERN_FOUND
US-8128936-B2	NO_PATTERN_FOUND
US-8129395-B2	NO_PATTERN_FOUND
US-8129523-B2	NO_PATTERN_FOUND
US-8128969-B2	NO_PATTERN_FOUND
US-8129357-B2	NO_PATTERN_FOUND
US-8128924-B2	NO_PATTERN_FOUND
US-8129562-B2	NO_PATTERN_FOUND
US-8129134-B2	NO_PATTERN_FOUND
US-8128942-B2	NO_PATTERN_FOUND
US-8131020-B2	NO_PATTERN_FOUND
US-8129355-B2	NO_PATTERN_FOUND
US-8129418-B2	NO_PATTERN_FOUND
US-8129129-B2	NO_PATTERN_FOUND
US-8129512-B2	NO_PATTERN_FOUND
US-8129383-B2	NO_PATTERN_FOUND
US-8129161-B2	NO_PATTERN_FOUND
US-8131496-B2	NO_PATTERN_FOUND
US-8129400-B2	NO_PATTERN_FOUND
US-8128941-B2	NO_PATTERN_FOUND
US-8130903-B2	NO_PATTERN_FOUND
US-8127926-B2	NO_PATTERN_FOUND
US-8128923-B2	NO_PATTERN_FOUND
US-8128871-B2	NO_PATTERN_FOUND
US-8129413-B2	NO_PATTERN_FOUND
US-8128922-B2	NO_PATTERN_FOUND
US-8129478-B2	NO_PATTERN_FOUND
US-8129347-B2	NO_PATTERN_FOUND
US-8130106-B1	NO_PATTERN_FOUND
US-8129126-B2	NO_PATTERN_FOUND
US-8129162-B2	NO_PATTERN_FOUND
US-8129444-B2	NO_PATTERN_FOUND
US-8129443-B2	NO_PATTERN_FOUND
US-8129538-B1	NO_PATTERN_FOUND
US-8128944-B2	NO_PATTERN_FOUND
US-8131480-B2	NO_PATTERN_FOUND
US-8129425-B2	NO_PATTERN_FOUND
US-8128951-B2	NO_PATTERN_FOUND
US-8129364-B2	NO_PATTERN_FOUND
US-8129515-B2	NO_PATTERN_FOUND
US-8128612-B2	NO_PATTERN_FOUND
US-8129352-B2	NO_PATTERN_FOUND
US-8128708-B2	NO_PATTERN_FOUND
US-8129417-B2	NO_PATTERN_FOUND
US-8129110-B2	NO_PATTERN_FOUND
US-8129038-B2	NO_PATTERN_FOUND
US-8129164-B2	NO_PATTERN_FOUND
US-8129173-B2	NO_PATTERN_FOUND
US-8129598-B2	NO_PATTERN_FOUND
US-8129394-B2	NO_PATTERN_FOUND
US-8128509-B2	NO_PATTERN_FOUND
US-8129416-B2	NO_PATTERN_FOUND
US-8127516-B2	NO_PATTERN_FOUND
US-8129415-B2	NO_PATTERN_FOUND
US-8129111-B2	NO_PATTERN_FOUND
US-8129427-B2	NO_PATTERN_FOUND
US-8129186-B2	NO_PATTERN_FOUND
US-8129899-B1	NO_PATTERN_FOUND
US-8128925-B2	NO_PATTERN_FOUND
US-8129397-B2	NO_PATTERN_FOUND
US-8129376-B2	NO_PATTERN_FOUND
US-8129429-B2	NO_PATTERN_FOUND
US-8129537-B2	NO_PATTERN_FOUND
US-8128931-B2	NO_PATTERN_FOUND
US-8129366-B2	NO_PATTERN_FOUND
US-8129430-B2	NO_PATTERN_FOUND
US-8127625-B2	NO_PATTERN_FOUND
US-8129586-B2	NO_PATTERN_FOUND
US-8128908-B2	NO_PATTERN_FOUND
US-8129341-B2	NO_PATTERN_FOUND
US-8129510-B2	NO_PATTERN_FOUND
US-8128934-B2	NO_PATTERN_FOUND
US-8131348-B2	NO_PATTERN_FOUND
US-8128707-B2	NO_PATTERN_FOUND
US-8129393-B2	NO_PATTERN_FOUND
US-8129116-B2	NO_PATTERN_FOUND
US-8129402-B2	NO_PATTERN_FOUND
US-8129539-B2	NO_PATTERN_FOUND
US-8129117-B2	NO_PATTERN_FOUND
US-8129508-B2	NO_PATTERN_FOUND
US-8129405-B2	NO_PATTERN_FOUND
US-8129542-B2	NO_PATTERN_FOUND
US-8129315-B2	NO_PATTERN_FOUND
US-8129332-B2	NO_PATTERN_FOUND
US-8129166-B2	NO_PATTERN_FOUND
US-8129503-B2	NO_PATTERN_FOUND
US-8129387-B2	NO_PATTERN_FOUND
US-8131527-B1	NO_PATTERN_FOUND
US-8129566-B2	NO_PATTERN_FOUND
US-8129191-B2	NO_PATTERN_FOUND
US-8129593-B2	NO_PATTERN_FOUND
US-8128950-B2	NO_PATTERN_FOUND
US-8128279-B2	NO_PATTERN_FOUND
US-8129592-B2	NO_PATTERN_FOUND
US-8129410-B2	NO_PATTERN_FOUND
US-8129401-B2	NO_PATTERN_FOUND
US-8129509-B2	NO_PATTERN_FOUND
US-8129534-B2	NO_PATTERN_FOUND
US-8129346-B2	NO_PATTERN_FOUND
US-8129675-B2	NO_PATTERN_FOUND
US-8131474-B2	NO_PATTERN_FOUND
US-8128947-B2	NO_PATTERN_FOUND
US-8129184-B2	NO_PATTERN_FOUND
US-8129139-B2	NO_PATTERN_FOUND
US-8129568-B2	NO_PATTERN_FOUND
US-8128912-B2	NO_PATTERN_FOUND
US-8128945-B2	NO_PATTERN_FOUND
US-8129505-B2	NO_PATTERN_FOUND
US-8129528-B2	NO_PATTERN_FOUND
US-8129424-B2	NO_PATTERN_FOUND
US-8129358-B2	NO_PATTERN_FOUND
US-8129389-B2	NO_PATTERN_FOUND
US-8128937-B2	NO_PATTERN_FOUND
US-8129369-B2	NO_PATTERN_FOUND
US-8128663-B2	NO_PATTERN_FOUND
US-8129412-B2	PATTERN_FOUND
US-8129064-B2	NO_PATTERN_FOUND
US-8129342-B2	NO_PATTERN_FOUND
US-8129128-B2	NO_PATTERN_FOUND
US-8129684-B2	NO_PATTERN_FOUND
US-8131333-B2	NO_PATTERN_FOUND
US-8129548-B2	NO_PATTERN_FOUND
US-8128915-B2	NO_PATTERN_FOUND
US-8129329-B2	NO_PATTERN_FOUND
US-8128909-B2	NO_PATTERN_FOUND
US-8129590-B2	NO_PATTERN_FOUND
US-8129423-B2	NO_PATTERN_FOUND
US-8129185-B2	NO_PATTERN_FOUND
US-8129588-B2	NO_PATTERN_FOUND
US-8130908-B2	NO_PATTERN_FOUND
US-8129120-B2	NO_PATTERN_FOUND
US-8129339-B2	NO_PATTERN_FOUND
US-8129373-B2	NO_PATTERN_FOUND
US-8129160-B2	NO_PATTERN_FOUND
US-8129349-B2	NO_PATTERN_FOUND
US-8131475-B2	NO_PATTERN_FOUND
US-8129118-B2	NO_PATTERN_FOUND
US-8127598-B2	NO_PATTERN_FOUND
US-8129153-B2	NO_PATTERN_FOUND
US-8129404-B2	NO_PATTERN_FOUND
US-8129396-B2	NO_PATTERN_FOUND
US-8129194-B2	NO_PATTERN_FOUND
US-8129132-B2	NO_PATTERN_FOUND
US-8128803-B2	NO_PATTERN_FOUND
US-8129378-B2	NO_PATTERN_FOUND
US-8128940-B2	NO_PATTERN_FOUND
US-8129488-B2	NO_PATTERN_FOUND
US-8129168-B2	NO_PATTERN_FOUND
US-8129500-B2	NO_PATTERN_FOUND
US-8129428-B2	NO_PATTERN_FOUND
US-8128802-B2	NO_PATTERN_FOUND
US-8127595-B2	NO_PATTERN_FOUND
US-8128983-B2	NO_PATTERN_FOUND
US-8129388-B2	NO_PATTERN_FOUND
US-8129187-B2	NO_PATTERN_FOUND
US-8129113-B2	NO_PATTERN_FOUND
US-8129107-B2	NO_PATTERN_FOUND
US-8129112-B2	NO_PATTERN_FOUND
US-8129176-B2	NO_PATTERN_FOUND
US-8129338-B2	NO_PATTERN_FOUND
US-8129520-B2	NO_PATTERN_FOUND
US-8128874-B2	NO_PATTERN_FOUND
JP-4620061-B2	NO_PATTERN_FOUND
US-8128916-B2	NO_PATTERN_FOUND
US-8128797-B2	NO_PATTERN_FOUND
US-8131520-B2	NO_PATTERN_FOUND
US-8129381-B2	NO_PATTERN_FOUND
US-8127601-B2	NO_PATTERN_FOUND
US-8128917-B2	NO_PATTERN_FOUND
JP-4719831-B2	NO_PATTERN_FOUND
US-8129123-B2	NO_PATTERN_FOUND
US-8129524-B2	NO_PATTERN_FOUND
US-8129529-B2	NO_PATTERN_FOUND
US-8129190-B2	NO_PATTERN_FOUND
US-8129331-B2	NO_PATTERN_FOUND
JP-4800960-B2	NO_PATTERN_FOUND
US-8129555-B2	NO_PATTERN_FOUND
US-8129384-B2	NO_PATTERN_FOUND
US-8128789-B2	NO_PATTERN_FOUND
US-8128873-B2	NO_PATTERN_FOUND
US-8129591-B2	NO_PATTERN_FOUND
US-8128589-B2	NO_PATTERN_FOUND
US-8129124-B2	NO_PATTERN_FOUND
US-8129522-B2	NO_PATTERN_FOUND
US-8129569-B2	NO_PATTERN_FOUND
US-8128914-B2	NO_PATTERN_FOUND
US-8131469-B2	NO_PATTERN_FOUND
US-8129155-B2	NO_PATTERN_FOUND
JP-4603162-B2	NO_PATTERN_FOUND
US-8129587-B2	NO_PATTERN_FOUND
US-8129135-B2	NO_PATTERN_FOUND
US-8128926-B2	NO_PATTERN_FOUND
US-8127626-B2	NO_PATTERN_FOUND
US-8128930-B2	NO_PATTERN_FOUND
JP-4707952-B2	NO_PATTERN_FOUND
US-8129558-B2	NO_PATTERN_FOUND
JP-4694085-B2	NO_PATTERN_FOUND
US-8129159-B2	NO_PATTERN_FOUND
JP-4801063-B2	NO_PATTERN_FOUND
JP-4100713-B2	NO_PATTERN_FOUND
JP-4626752-B2	NO_PATTERN_FOUND
JP-4105762-B2	NO_PATTERN_FOUND
JP-4611380-B2	NO_PATTERN_FOUND
US-8129385-B2	NO_PATTERN_FOUND
JP-4616993-B2	NO_PATTERN_FOUND
JP-4796258-B2	NO_PATTERN_FOUND
JP-4694201-B2	NO_PATTERN_FOUND
JP-4711360-B2	NO_PATTERN_FOUND
JP-4619595-B2	NO_PATTERN_FOUND
JP-4624562-B2	NO_PATTERN_FOUND
JP-4628622-B2	NO_PATTERN_FOUND
JP-4808960-B2	NO_PATTERN_FOUND
US-8128973-B2	NO_PATTERN_FOUND
JP-4098474-B2	NO_PATTERN_FOUND
US-8129533-B2	NO_PATTERN_FOUND
JP-4095676-B2	NO_PATTERN_FOUND
JP-4762543-B2	NO_PATTERN_FOUND
JP-4746244-B2	NO_PATTERN_FOUND
JP-4709545-B2	NO_PATTERN_FOUND
US-8127804-B2	NO_PATTERN_FOUND
JP-4601816-B2	NO_PATTERN_FOUND
JP-4822196-B2	NO_PATTERN_FOUND
JP-4797019-B2	NO_PATTERN_FOUND
JP-4531141-B2	NO_PATTERN_FOUND
JP-4814245-B2	NO_PATTERN_FOUND
US-8129333-B2	NO_PATTERN_FOUND
JP-4818516-B2	NO_PATTERN_FOUND
JP-4605799-B2	NO_PATTERN_FOUND
JP-4607319-B2	NO_PATTERN_FOUND
JP-4607451-B2	NO_PATTERN_FOUND
JP-4808402-B2	NO_PATTERN_FOUND
JP-4074458-B2	NO_PATTERN_FOUND
JP-4104662-B2	NO_PATTERN_FOUND
JP-4807903-B2	NO_PATTERN_FOUND
JP-4705248-B2	NO_PATTERN_FOUND
JP-4813469-B2	NO_PATTERN_FOUND
JP-4755182-B2	NO_PATTERN_FOUND
JP-4750270-B2	NO_PATTERN_FOUND
JP-4750360-B2	NO_PATTERN_FOUND
JP-4768733-B2	NO_PATTERN_FOUND
JP-4791632-B2	NO_PATTERN_FOUND
JP-4762472-B2	NO_PATTERN_FOUND
JP-4790179-B2	NO_PATTERN_FOUND
JP-4708648-B2	NO_PATTERN_FOUND
JP-4711515-B2	NO_PATTERN_FOUND
JP-4709488-B2	NO_PATTERN_FOUND
JP-4711509-B2	NO_PATTERN_FOUND
JP-4709392-B2	NO_PATTERN_FOUND
JP-4602758-B2	NO_PATTERN_FOUND
JP-4723480-B2	NO_PATTERN_FOUND
JP-4732519-B2	NO_PATTERN_FOUND
JP-4711511-B2	NO_PATTERN_FOUND
JP-4637351-B2	NO_PATTERN_FOUND
JP-4740455-B2	NO_PATTERN_FOUND
JP-4739678-B2	NO_PATTERN_FOUND
JP-4819806-B2	NO_PATTERN_FOUND
JP-4772264-B2	NO_PATTERN_FOUND
JP-4803937-B2	NO_PATTERN_FOUND
JP-4768943-B2	NO_PATTERN_FOUND
JP-4825353-B2	NO_PATTERN_FOUND
JP-4815085-B2	NO_PATTERN_FOUND
JP-4733037-B2	NO_PATTERN_FOUND
JP-4718172-B2	NO_PATTERN_FOUND
JP-4723379-B2	NO_PATTERN_FOUND
JP-4735861-B2	NO_PATTERN_FOUND
JP-4657605-B2	NO_PATTERN_FOUND
JP-4651663-B2	NO_PATTERN_FOUND
JP-4698027-B2	NO_PATTERN_FOUND
JP-4652817-B2	NO_PATTERN_FOUND
JP-4829447-B2	NO_PATTERN_FOUND
JP-4656726-B2	NO_PATTERN_FOUND
JP-4773684-B2	NO_PATTERN_FOUND
JP-4755113-B2	NO_PATTERN_FOUND
JP-H08504439-A	NO_PATTERN_FOUND
US-8129409-B2	NO_PATTERN_FOUND
US-8129377-B2	NO_PATTERN_FOUND
US-8129140-B2	NO_PATTERN_FOUND
US-8129119-B2	NO_PATTERN_FOUND
US-8129192-B2	NO_PATTERN_FOUND
US-8129183-B2	NO_PATTERN_FOUND
US-8129340-B2	NO_PATTERN_FOUND
US-8129545-B2	NO_PATTERN_FOUND
US-8129414-B2	NO_PATTERN_FOUND
US-8127614-B2	NO_PATTERN_FOUND
US-8129526-B2	NO_PATTERN_FOUND
US-8128943-B2	NO_PATTERN_FOUND
US-8129348-B2	NO_PATTERN_FOUND
JP-2011018919-A	NO_PATTERN_FOUND
JP-2011006438-A	NO_PATTERN_FOUND
JP-2010270113-A	NO_PATTERN_FOUND
JP-2011016826-A	NO_PATTERN_FOUND
JP-2010180211-A	NO_PATTERN_FOUND
JP-2011520977-A	NO_PATTERN_FOUND
JP-2011160796-A	NO_PATTERN_FOUND
JP-2011168799-A	NO_PATTERN_FOUND
JP-2011155990-A	NO_PATTERN_FOUND
JP-2011523398-A	NO_PATTERN_FOUND
JP-2011521652-A	NO_PATTERN_FOUND
JP-2011523657-A	NO_PATTERN_FOUND
JP-2011528692-A	NO_PATTERN_FOUND
JP-2011519579-A	NO_PATTERN_FOUND
JP-2011519371-A	NO_PATTERN_FOUND
JP-2011518784-A	NO_PATTERN_FOUND
JP-2011528659-A	NO_PATTERN_FOUND
JP-2011526915-A	NO_PATTERN_FOUND
JP-2011526959-A	NO_PATTERN_FOUND
JP-2011527357-A	NO_PATTERN_FOUND
JP-2011527345-A	NO_PATTERN_FOUND
JP-2011529089-A	NO_PATTERN_FOUND
JP-2011520095-A	NO_PATTERN_FOUND
JP-2011527693-A	NO_PATTERN_FOUND
JP-2011529026-A	NO_PATTERN_FOUND
JP-2011526735-A	NO_PATTERN_FOUND
JP-2011524340-A	NO_PATTERN_FOUND
JP-2011524342-A	NO_PATTERN_FOUND
JP-2011529907-A	NO_PATTERN_FOUND
EP-2407561-A2	NO_PATTERN_FOUND
WO-2012004443-A8	NO_PATTERN_FOUND
WO-2011138762-A3	NO_PATTERN_FOUND
WO-2012021046-A2	NO_PATTERN_FOUND
WO-2011154846-A3	NO_PATTERN_FOUND
WO-2012017128-A2	NO_PATTERN_FOUND
WO-2011153467-A3	NO_PATTERN_FOUND
WO-2012021013-A2	NO_PATTERN_FOUND
WO-2012020854-A1	NO_PATTERN_FOUND
WO-2011150408-A3	NO_PATTERN_FOUND
WO-2011163183-A3	NO_PATTERN_FOUND
WO-2011151731-A3	NO_PATTERN_FOUND
WO-2011160630-A3	NO_PATTERN_FOUND
WO-2010130510-A3	NO_PATTERN_FOUND
WO-2011133671-A3	NO_PATTERN_FOUND
WO-2011133637-A3	NO_PATTERN_FOUND
WO-2011130737-A3	NO_PATTERN_FOUND
WO-2011156910-A3	NO_PATTERN_FOUND
WO-2011115688-A3	NO_PATTERN_FOUND
WO-2011152809-A3	NO_PATTERN_FOUND
WO-2011109113-A9	NO_PATTERN_FOUND
WO-2011076621-A3	NO_PATTERN_FOUND
WO-2010141796-A3	NO_PATTERN_FOUND
WO-2011023465-A3	NO_PATTERN_FOUND
WO-2008132138-A9	NO_PATTERN_FOUND
WO-2011051457-A3	NO_PATTERN_FOUND
WO-2011031211-A8	NO_PATTERN_FOUND
WO-2011123776-A3	NO_PATTERN_FOUND
WO-2011160030-A3	NO_PATTERN_FOUND
WO-2011119752-A3	NO_PATTERN_FOUND
WO-2011133383-A3	NO_PATTERN_FOUND
EP-2253626-A4	NO_PATTERN_FOUND
EP-2345414-A4	NO_PATTERN_FOUND
EP-2342193-A4	NO_PATTERN_FOUND
EP-2236498-A4	NO_PATTERN_FOUND
EP-2246355-A4	NO_PATTERN_FOUND
EP-2205611-A4	NO_PATTERN_FOUND
EP-2226328-A4	NO_PATTERN_FOUND
EP-2216032-A4	NO_PATTERN_FOUND
EP-2231166-A4	NO_PATTERN_FOUND
EP-2174974-A4	NO_PATTERN_FOUND
WO-2006041900-A9	NO_PATTERN_FOUND
EP-2340823-A4	NO_PATTERN_FOUND
WO-2011156900-A3	NO_PATTERN_FOUND
EP-2276342-A4	NO_PATTERN_FOUND
WO-2011121456-A3	NO_PATTERN_FOUND
JP-2011006481-A	NO_PATTERN_FOUND
EP-2200607-A4	NO_PATTERN_FOUND
EP-2143428-A4	NO_PATTERN_FOUND
JP-2011006439-A	NO_PATTERN_FOUND
EP-2117354-A4	NO_PATTERN_FOUND
EP-2303897-A4	NO_PATTERN_FOUND
EP-2328582-A4	NO_PATTERN_FOUND
EP-2281825-A4	NO_PATTERN_FOUND
EP-2262509-A4	NO_PATTERN_FOUND
EP-2426480-A2	NO_PATTERN_FOUND
EP-2426482-A2	NO_PATTERN_FOUND
EP-2426481-A1	NO_PATTERN_FOUND
EP-2426488-A1	NO_PATTERN_FOUND
EP-2426486-A1	NO_PATTERN_FOUND
EP-2426493-A1	NO_PATTERN_FOUND
EP-2426483-A1	NO_PATTERN_FOUND
EP-2426489-A2	NO_PATTERN_FOUND
EP-2426476-A1	NO_PATTERN_FOUND
EP-2426484-A2	NO_PATTERN_FOUND
EP-2426485-A1	NO_PATTERN_FOUND
EP-2426479-A1	NO_PATTERN_FOUND
EP-2426477-A2	NO_PATTERN_FOUND
EP-2426487-A1	NO_PATTERN_FOUND
EP-2426478-A1	NO_PATTERN_FOUND
EP-2426198-A1	NO_PATTERN_FOUND
EP-2426196-A1	NO_PATTERN_FOUND
EP-2426193-A1	NO_PATTERN_FOUND
EP-2426194-A1	NO_PATTERN_FOUND
EP-2426197-A1	NO_PATTERN_FOUND
EP-2425860-A1	NO_PATTERN_FOUND
EP-2425894-A1	NO_PATTERN_FOUND
EP-2425859-A1	NO_PATTERN_FOUND
EP-2425853-A1	NO_PATTERN_FOUND
EP-2425851-A1	NO_PATTERN_FOUND
EP-2425844-A1	NO_PATTERN_FOUND
EP-2425817-A1	NO_PATTERN_FOUND
EP-2425849-A2	NO_PATTERN_FOUND
EP-2425846-A1	NO_PATTERN_FOUND
EP-2425825-A1	NO_PATTERN_FOUND
EP-2425874-A2	NO_PATTERN_FOUND
EP-2425850-A2	NO_PATTERN_FOUND
EP-2425812-A1	NO_PATTERN_FOUND
EP-2425841-A1	NO_PATTERN_FOUND
EP-2425843-A1	NO_PATTERN_FOUND
EP-2425830-A1	NO_PATTERN_FOUND
EP-2425857-A1	NO_PATTERN_FOUND
EP-2425815-A1	NO_PATTERN_FOUND
EP-2425827-A1	NO_PATTERN_FOUND
EP-2425835-A1	NO_PATTERN_FOUND
EP-2425826-A1	NO_PATTERN_FOUND
EP-2425813-A1	NO_PATTERN_FOUND
EP-2425811-A1	NO_PATTERN_FOUND
EP-2425858-A2	NO_PATTERN_FOUND
EP-2425831-A1	NO_PATTERN_FOUND
EP-2425839-A1	NO_PATTERN_FOUND
EP-2425861-A1	NO_PATTERN_FOUND
EP-2425836-A1	NO_PATTERN_FOUND
EP-2425816-A2	NO_PATTERN_FOUND
EP-2425772-A1	NO_PATTERN_FOUND
EP-2425809-A1	NO_PATTERN_FOUND
EP-2425855-A1	NO_PATTERN_FOUND
US-8129687-B2	NO_PATTERN_FOUND
US-8129599-B2	NO_PATTERN_FOUND
US-8128278-B2	NO_PATTERN_FOUND
US-8129595-B2	NO_PATTERN_FOUND
US-8129517-B1	NO_PATTERN_FOUND
US-8129327-B2	NO_PATTERN_FOUND
US-8127624-B2	NO_PATTERN_FOUND
US-8129456-B2	NO_PATTERN_FOUND
US-8131471-B2	NO_PATTERN_FOUND
US-8128974-B2	NO_PATTERN_FOUND
US-8131477-B2	NO_PATTERN_FOUND
US-8128616-B2	NO_PATTERN_FOUND
US-8129564-B2	NO_PATTERN_FOUND
US-8129584-B2	NO_PATTERN_FOUND
US-8129087-B2	NO_PATTERN_FOUND
US-8129359-B2	NO_PATTERN_FOUND
US-8129998-B2	NO_PATTERN_FOUND
US-8129995-B2	NO_PATTERN_FOUND
US-8131567-B2	NO_PATTERN_FOUND
US-8128848-B2	NO_PATTERN_FOUND
US-8128869-B2	NO_PATTERN_FOUND
US-8130372-B2	NO_PATTERN_FOUND
US-8129601-B2	NO_PATTERN_FOUND
US-8129446-B2	NO_PATTERN_FOUND
US-8129596-B2	NO_PATTERN_FOUND
US-8129679-B2	NO_PATTERN_FOUND
US-8130902-B2	NO_PATTERN_FOUND
US-8129604-B2	NO_PATTERN_FOUND
US-8129497-B2	NO_PATTERN_FOUND
US-8129696-B2	NO_PATTERN_FOUND
JP-4601713-B2	NO_PATTERN_FOUND
US-8128281-B2	NO_PATTERN_FOUND
JP-4608499-B2	NO_PATTERN_FOUND
US-8131473-B1	NO_PATTERN_FOUND
US-8131470-B2	NO_PATTERN_FOUND
US-8129188-B2	NO_PATTERN_FOUND
JP-4711513-B2	NO_PATTERN_FOUND
JP-4709901-B2	NO_PATTERN_FOUND
JP-2011016729-A	NO_PATTERN_FOUND
JP-2011173935-A	NO_PATTERN_FOUND
WO-2011146138-A3	NO_PATTERN_FOUND
EP-2314709-A4	NO_PATTERN_FOUND
EP-2426470-A1	NO_PATTERN_FOUND
EP-2426492-A1	NO_PATTERN_FOUND
EP-2426195-A1	NO_PATTERN_FOUND
EP-2426191-A1	NO_PATTERN_FOUND
EP-2426644-A1	NO_PATTERN_FOUND
EP-2425829-A1	NO_PATTERN_FOUND
EP-2425810-A2	NO_PATTERN_FOUND
EP-2425847-A1	NO_PATTERN_FOUND
EP-2425818-A1	NO_PATTERN_FOUND
EP-2425785-A1	NO_PATTERN_FOUND
EP-2425834-A1	NO_PATTERN_FOUND
EP-2425773-A1	NO_PATTERN_FOUND
EP-2425840-A1	NO_PATTERN_FOUND
EP-2425845-A1	NO_PATTERN_FOUND
EP-2425833-A1	NO_PATTERN_FOUND
EP-2425838-A2	NO_PATTERN_FOUND
EP-2425823-A1	NO_PATTERN_FOUND
EP-2425832-A1	NO_PATTERN_FOUND
EP-2425820-A1	NO_PATTERN_FOUND
EP-2425852-A1	NO_PATTERN_FOUND
EP-2425864-A1	NO_PATTERN_FOUND
EP-2425856-A1	NO_PATTERN_FOUND
EP-2426199-A2	NO_PATTERN_FOUND
EP-2426214-A1	NO_PATTERN_FOUND
EP-2425854-A1	NO_PATTERN_FOUND
EP-2425848-A2	NO_PATTERN_FOUND
EP-2425842-A1	NO_PATTERN_FOUND
EP-2426217-A1	NO_PATTERN_FOUND
EP-2426147-A1	NO_PATTERN_FOUND
EP-2425822-A1	NO_PATTERN_FOUND
EP-2425837-A1	NO_PATTERN_FOUND
EP-2425824-A1	NO_PATTERN_FOUND
EP-2425828-A2	NO_PATTERN_FOUND
EP-2426138-A1	NO_PATTERN_FOUND
EP-2426144-A1	NO_PATTERN_FOUND
EP-2425814-A1	NO_PATTERN_FOUND
EP-2425821-A1	NO_PATTERN_FOUND
EP-2426219-A1	NO_PATTERN_FOUND
EP-2426127-A1	NO_PATTERN_FOUND
EP-2425819-A1	NO_PATTERN_FOUND
EP-2426220-A1	NO_PATTERN_FOUND
EP-2426215-A1	NO_PATTERN_FOUND
EP-2426117-A1	NO_PATTERN_FOUND
EP-2425808-A1	NO_PATTERN_FOUND
EP-2426116-A1	NO_PATTERN_FOUND
EP-2426210-A1	NO_PATTERN_FOUND
EP-2426222-A1	NO_PATTERN_FOUND
EP-2426207-A2	NO_PATTERN_FOUND
EP-2426216-A1	NO_PATTERN_FOUND
EP-2425774-A1	NO_PATTERN_FOUND
EP-2426209-A1	NO_PATTERN_FOUND
EP-2426213-A1	NO_PATTERN_FOUND
EP-2426202-A1	NO_PATTERN_FOUND
EP-2426206-A2	NO_PATTERN_FOUND
EP-2426205-A1	NO_PATTERN_FOUND
EP-2426208-A1	NO_PATTERN_FOUND
EP-2426204-A1	NO_PATTERN_FOUND
EP-2426203-A2	NO_PATTERN_FOUND
EP-2426201-A1	NO_PATTERN_FOUND
EP-2426148-A1	NO_PATTERN_FOUND
EP-2426119-A1	NO_PATTERN_FOUND
EP-2426149-A1	NO_PATTERN_FOUND
EP-2426145-A1	NO_PATTERN_FOUND
EP-2426139-A1	NO_PATTERN_FOUND
EP-2426150-A1	NO_PATTERN_FOUND
EP-2426142-A2	NO_PATTERN_FOUND
EP-2426134-A2	NO_PATTERN_FOUND
EP-2426156-A1	NO_PATTERN_FOUND
EP-2426146-A2	NO_PATTERN_FOUND
EP-2426123-A1	NO_PATTERN_FOUND
EP-2426130-A1	NO_PATTERN_FOUND
EP-2426143-A2	NO_PATTERN_FOUND
EP-2426121-A1	NO_PATTERN_FOUND
EP-2426112-A1	NO_PATTERN_FOUND
EP-2426114-A1	NO_PATTERN_FOUND
EP-2426133-A1	NO_PATTERN_FOUND
EP-2426111-A1	NO_PATTERN_FOUND
EP-2426140-A1	NO_PATTERN_FOUND
EP-2426132-A1	NO_PATTERN_FOUND
EP-2426125-A1	NO_PATTERN_FOUND
EP-2426498-A1	NO_PATTERN_FOUND
EP-2426495-A1	NO_PATTERN_FOUND
EP-2426499-A1	NO_PATTERN_FOUND
EP-2426105-A1	NO_PATTERN_FOUND
EP-2426131-A1	NO_PATTERN_FOUND
EP-2424991-A1	NO_PATTERN_FOUND
EP-2426115-A2	NO_PATTERN_FOUND
EP-2426218-A1	NO_PATTERN_FOUND
EP-2426126-A1	NO_PATTERN_FOUND
EP-2426113-A1	NO_PATTERN_FOUND
EP-2426107-A1	NO_PATTERN_FOUND
EP-2426120-A1	NO_PATTERN_FOUND
EP-2426200-A1	NO_PATTERN_FOUND
EP-2426118-A1	NO_PATTERN_FOUND
EP-2426212-A1	NO_PATTERN_FOUND
EP-2425253-A1	NO_PATTERN_FOUND
EP-2426110-A1	NO_PATTERN_FOUND
EP-2426104-A1	NO_PATTERN_FOUND
EP-2426109-A1	NO_PATTERN_FOUND
EP-2425233-A2	NO_PATTERN_FOUND
EP-2425252-A2	NO_PATTERN_FOUND
EP-2424970-A1	NO_PATTERN_FOUND
EP-2425249-A1	NO_PATTERN_FOUND
EP-2425245-A1	NO_PATTERN_FOUND
EP-2425236-A1	NO_PATTERN_FOUND
EP-2425234-A1	NO_PATTERN_FOUND
EP-2426154-A1	NO_PATTERN_FOUND
EP-2426124-A1	NO_PATTERN_FOUND
EP-2424997-A1	NO_PATTERN_FOUND
EP-2426106-A1	NO_PATTERN_FOUND
EP-2426141-A2	NO_PATTERN_FOUND
EP-2426137-A1	NO_PATTERN_FOUND
EP-2426494-A1	NO_PATTERN_FOUND
EP-2426135-A1	NO_PATTERN_FOUND
EP-2426496-A1	NO_PATTERN_FOUND
EP-2426500-A2	NO_PATTERN_FOUND
EP-2426108-A1	NO_PATTERN_FOUND
EP-2424998-A1	NO_PATTERN_FOUND
EP-2424977-A1	NO_PATTERN_FOUND
EP-2425240-A2	NO_PATTERN_FOUND
EP-2424975-A2	NO_PATTERN_FOUND
EP-2425231-A1	NO_PATTERN_FOUND
EP-2425258-A1	NO_PATTERN_FOUND
EP-2424990-A2	NO_PATTERN_FOUND
EP-2424979-A1	NO_PATTERN_FOUND
EP-2424994-A1	NO_PATTERN_FOUND
EP-2425000-A1	NO_PATTERN_FOUND
EP-2426555-A1	NO_PATTERN_FOUND
EP-2425248-A2	NO_PATTERN_FOUND
EP-2424978-A1	NO_PATTERN_FOUND
EP-2425257-A1	NO_PATTERN_FOUND
EP-2424982-A1	NO_PATTERN_FOUND
EP-2424972-A1	NO_PATTERN_FOUND
EP-2424995-A1	NO_PATTERN_FOUND
EP-2425255-A1	NO_PATTERN_FOUND
EP-2425247-A1	NO_PATTERN_FOUND
EP-2425256-A1	NO_PATTERN_FOUND
EP-2425243-A2	NO_PATTERN_FOUND
EP-2425242-A1	NO_PATTERN_FOUND
EP-2425241-A1	NO_PATTERN_FOUND
EP-2425235-A1	NO_PATTERN_FOUND
EP-2424996-A2	NO_PATTERN_FOUND
EP-2424999-A1	NO_PATTERN_FOUND
EP-2425250-A1	NO_PATTERN_FOUND
EP-2424985-A1	NO_PATTERN_FOUND
EP-2425001-A2	NO_PATTERN_FOUND
EP-2424986-A1	NO_PATTERN_FOUND
EP-2424981-A2	NO_PATTERN_FOUND
EP-2424980-A1	NO_PATTERN_FOUND
EP-2424988-A1	NO_PATTERN_FOUND
EP-2424984-A1	NO_PATTERN_FOUND
EP-2424971-A1	NO_PATTERN_FOUND
EP-2424976-A1	NO_PATTERN_FOUND
EP-2424974-A1	NO_PATTERN_FOUND
EP-2425468-A1	NO_PATTERN_FOUND
EP-2425435-A2	NO_PATTERN_FOUND
EP-2425454-A1	NO_PATTERN_FOUND
EP-2425251-A1	NO_PATTERN_FOUND
EP-2425244-A1	NO_PATTERN_FOUND
EP-2425404-A1	NO_PATTERN_FOUND
EP-2424992-A1	NO_PATTERN_FOUND
EP-2424993-A1	NO_PATTERN_FOUND
EP-2425401-A2	NO_PATTERN_FOUND
EP-2424973-A2	NO_PATTERN_FOUND
EP-2424987-A2	NO_PATTERN_FOUND
EP-2424875-A1	NO_PATTERN_FOUND
EP-2425411-A1	NO_PATTERN_FOUND
EP-2425259-A1	NO_PATTERN_FOUND
EP-2424490-A1	NO_PATTERN_FOUND
EP-2424492-A2	NO_PATTERN_FOUND
EP-2424863-A1	NO_PATTERN_FOUND
EP-2424869-A1	NO_PATTERN_FOUND
EP-2424669-A1	NO_PATTERN_FOUND
EP-2424881-A1	NO_PATTERN_FOUND
EP-2424872-A1	NO_PATTERN_FOUND
EP-2425722-A2	NO_PATTERN_FOUND
EP-2424867-A1	NO_PATTERN_FOUND
EP-2424836-A2	NO_PATTERN_FOUND
EP-2424846-A1	NO_PATTERN_FOUND
EP-2425698-A2	NO_PATTERN_FOUND
EP-2425982-A1	NO_PATTERN_FOUND
EP-2425715-A1	NO_PATTERN_FOUND
EP-2425709-A1	NO_PATTERN_FOUND
EP-2425699-A2	NO_PATTERN_FOUND
EP-2425721-A1	NO_PATTERN_FOUND
EP-2424491-A2	NO_PATTERN_FOUND
EP-2425279-A2	NO_PATTERN_FOUND
EP-2424901-A1	NO_PATTERN_FOUND
EP-2425260-A1	NO_PATTERN_FOUND
EP-2424880-A1	NO_PATTERN_FOUND
EP-2424864-A1	NO_PATTERN_FOUND
EP-2424878-A1	NO_PATTERN_FOUND
EP-2424874-A1	NO_PATTERN_FOUND
EP-2424871-A1	NO_PATTERN_FOUND
EP-2424849-A1	NO_PATTERN_FOUND
EP-2424843-A1	NO_PATTERN_FOUND
EP-2424858-A1	NO_PATTERN_FOUND
EP-2424829-A2	NO_PATTERN_FOUND
EP-2424842-A2	NO_PATTERN_FOUND
EP-2424834-A2	NO_PATTERN_FOUND
EP-2424860-A1	NO_PATTERN_FOUND
EP-2424947-A1	NO_PATTERN_FOUND
EP-2424868-A1	NO_PATTERN_FOUND
EP-2425286-A1	NO_PATTERN_FOUND
EP-2424841-A1	NO_PATTERN_FOUND
EP-2424921-A2	NO_PATTERN_FOUND
EP-2424855-A1	NO_PATTERN_FOUND
EP-2424840-A1	NO_PATTERN_FOUND
EP-2424949-A1	NO_PATTERN_FOUND
EP-2424870-A1	NO_PATTERN_FOUND
EP-2424844-A1	NO_PATTERN_FOUND
EP-2424853-A2	NO_PATTERN_FOUND
EP-2424862-A1	NO_PATTERN_FOUND
EP-2424859-A1	NO_PATTERN_FOUND
EP-2424538-A1	NO_PATTERN_FOUND
EP-2424850-A1	NO_PATTERN_FOUND
EP-2424873-A1	NO_PATTERN_FOUND
EP-2424918-A2	NO_PATTERN_FOUND
EP-2424852-A1	NO_PATTERN_FOUND
EP-2424837-A1	NO_PATTERN_FOUND
EP-2424512-A1	NO_PATTERN_FOUND
EP-2424839-A2	NO_PATTERN_FOUND
EP-2424581-A2	NO_PATTERN_FOUND
EP-2424902-A1	NO_PATTERN_FOUND
EP-2425448-A1	NO_PATTERN_FOUND
EP-2424879-A1	NO_PATTERN_FOUND
EP-2424532-A1	NO_PATTERN_FOUND
EP-2424663-A2	NO_PATTERN_FOUND
EP-2424838-A1	NO_PATTERN_FOUND
EP-2424876-A1	NO_PATTERN_FOUND
EP-2424664-A2	NO_PATTERN_FOUND
EP-2424523-A1	NO_PATTERN_FOUND
EP-2424522-A1	NO_PATTERN_FOUND
EP-2424489-A2	NO_PATTERN_FOUND
EP-2424856-A1	NO_PATTERN_FOUND
EP-2424857-A1	NO_PATTERN_FOUND
EP-2424515-A1	NO_PATTERN_FOUND
EP-2424510-A2	NO_PATTERN_FOUND
EP-2424495-A1	NO_PATTERN_FOUND
EP-2424815-A1	NO_PATTERN_FOUND
EP-2424896-A1	NO_PATTERN_FOUND
EP-2424485-A1	NO_PATTERN_FOUND
EP-2424892-A2	NO_PATTERN_FOUND
EP-2424882-A2	NO_PATTERN_FOUND
EP-2424890-A2	NO_PATTERN_FOUND
EP-2424953-A1	NO_PATTERN_FOUND
EP-2425023-A2	NO_PATTERN_FOUND
EP-2424941-A2	NO_PATTERN_FOUND
EP-2425019-A1	NO_PATTERN_FOUND
EP-2425227-A1	NO_PATTERN_FOUND
EP-2425021-A1	NO_PATTERN_FOUND
EP-2424566-A2	NO_PATTERN_FOUND
EP-2424572-A1	NO_PATTERN_FOUND
EP-2424866-A1	NO_PATTERN_FOUND
EP-2424851-A1	NO_PATTERN_FOUND
EP-2424854-A2	NO_PATTERN_FOUND
EP-2424861-A1	NO_PATTERN_FOUND
EP-2425022-A2	NO_PATTERN_FOUND
EP-2424847-A1	NO_PATTERN_FOUND
EP-2424848-A1	NO_PATTERN_FOUND
EP-2424496-A1	NO_PATTERN_FOUND
EP-2424530-A2	NO_PATTERN_FOUND
EP-2424845-A2	NO_PATTERN_FOUND
EP-2424367-A1	NO_PATTERN_FOUND
EP-2424573-A2	NO_PATTERN_FOUND
EP-2424889-A2	NO_PATTERN_FOUND
EP-2424582-A2	NO_PATTERN_FOUND
EP-2424535-A2	NO_PATTERN_FOUND
EP-2424541-A2	NO_PATTERN_FOUND
EP-2424826-A2	NO_PATTERN_FOUND
EP-2424579-A1	NO_PATTERN_FOUND
EP-2424511-A1	NO_PATTERN_FOUND
EP-2424381-A1	NO_PATTERN_FOUND
EP-2424529-A2	NO_PATTERN_FOUND
EP-2424487-A2	NO_PATTERN_FOUND
EP-2424567-A2	NO_PATTERN_FOUND
EP-2424375-A2	NO_PATTERN_FOUND
EP-2424528-A2	NO_PATTERN_FOUND
EP-2424527-A1	NO_PATTERN_FOUND
EP-2365067-A3	NO_PATTERN_FOUND
EP-2424493-A1	NO_PATTERN_FOUND
EP-2424521-A2	NO_PATTERN_FOUND
EP-2425020-A1	NO_PATTERN_FOUND
EP-2424366-A1	NO_PATTERN_FOUND
EP-2424514-A1	NO_PATTERN_FOUND
EP-2424620-A2	NO_PATTERN_FOUND
EP-2424351-A1	NO_PATTERN_FOUND
EP-2424506-A1	NO_PATTERN_FOUND
EP-2424622-A2	NO_PATTERN_FOUND
EP-2424621-A2	NO_PATTERN_FOUND
EP-2424619-A2	NO_PATTERN_FOUND
EP-2424518-A1	NO_PATTERN_FOUND
EP-2366719-A3	NO_PATTERN_FOUND
EP-2424360-A1	NO_PATTERN_FOUND
EP-2424888-A2	NO_PATTERN_FOUND
EP-2424533-A1	NO_PATTERN_FOUND
EP-2424891-A1	NO_PATTERN_FOUND
EP-2424536-A2	NO_PATTERN_FOUND
EP-2424898-A1	NO_PATTERN_FOUND
EP-2424526-A1	NO_PATTERN_FOUND
EP-2424524-A1	NO_PATTERN_FOUND
EP-2424507-A1	NO_PATTERN_FOUND
EP-2424897-A1	NO_PATTERN_FOUND
EP-2424505-A2	NO_PATTERN_FOUND
EP-2424517-A1	NO_PATTERN_FOUND
EP-2424513-A1	NO_PATTERN_FOUND
EP-2424589-A1	NO_PATTERN_FOUND
EP-2424887-A1	NO_PATTERN_FOUND
EP-2424578-A2	NO_PATTERN_FOUND
EP-2424509-A2	NO_PATTERN_FOUND
EP-2424427-A2	NO_PATTERN_FOUND
WO-2011058110-A1	NO_PATTERN_FOUND
WO-2011058113-A1	NO_PATTERN_FOUND
WO-2011063233-A1	NO_PATTERN_FOUND
WO-2012025925-A1	NO_PATTERN_FOUND
WO-2012025910-A1	NO_PATTERN_FOUND
WO-2012024893-A1	NO_PATTERN_FOUND
WO-2012027091-A1	NO_PATTERN_FOUND
WO-2012027145-A1	NO_PATTERN_FOUND
WO-2012025864-A1	NO_PATTERN_FOUND
WO-2012025861-A1	NO_PATTERN_FOUND
WO-2012027144-A1	NO_PATTERN_FOUND
WO-2012027159-A1	NO_PATTERN_FOUND
WO-2012027170-A1	NO_PATTERN_FOUND
WO-2012027224-A1	NO_PATTERN_FOUND
WO-2012027219-A1	NO_PATTERN_FOUND
WO-2012027073-A1	NO_PATTERN_FOUND
WO-2012025845-A1	NO_PATTERN_FOUND
WO-2012027204-A1	NO_PATTERN_FOUND
WO-2012025514-A1	NO_PATTERN_FOUND
WO-2012025806-A1	NO_PATTERN_FOUND
WO-2012027222-A1	NO_PATTERN_FOUND
WO-2012025501-A1	NO_PATTERN_FOUND
WO-2012027230-A1	NO_PATTERN_FOUND
WO-2012025167-A1	NO_PATTERN_FOUND
WO-2012025473-A1	NO_PATTERN_FOUND
WO-2012027214-A1	NO_PATTERN_FOUND
WO-2012027236-A1	NO_PATTERN_FOUND
WO-2012025474-A1	NO_PATTERN_FOUND
WO-2012027217-A1	NO_PATTERN_FOUND
WO-2012025496-A1	NO_PATTERN_FOUND
WO-2012027195-A1	NO_PATTERN_FOUND
WO-2012025164-A1	NO_PATTERN_FOUND
WO-2012025761-A1	NO_PATTERN_FOUND
WO-2012025054-A1	NO_PATTERN_FOUND
WO-2012025464-A1	NO_PATTERN_FOUND
WO-2012024794-A1	NO_PATTERN_FOUND
WO-2012025195-A1	NO_PATTERN_FOUND
WO-2012025745-A1	NO_PATTERN_FOUND
WO-2012025186-A1	NO_PATTERN_FOUND
WO-2012025055-A1	NO_PATTERN_FOUND
WO-2012024784-A1	NO_PATTERN_FOUND
WO-2012024785-A1	NO_PATTERN_FOUND
WO-2012024793-A1	NO_PATTERN_FOUND
WO-2012025726-A1	NO_PATTERN_FOUND
WO-2012024770-A1	NO_PATTERN_FOUND
WO-2012024782-A1	NO_PATTERN_FOUND
WO-2012024772-A1	NO_PATTERN_FOUND
WO-2012025346-A1	NO_PATTERN_FOUND
WO-2012024776-A1	NO_PATTERN_FOUND
WO-2012024758-A1	NO_PATTERN_FOUND
WO-2012025532-A1	NO_PATTERN_FOUND
WO-2012025612-A1	NO_PATTERN_FOUND
WO-2012025609-A1	NO_PATTERN_FOUND
WO-2012025536-A1	NO_PATTERN_FOUND
WO-2012025646-A1	NO_PATTERN_FOUND
WO-2012025628-A1	NO_PATTERN_FOUND
WO-2012025587-A1	NO_PATTERN_FOUND
WO-2012025553-A1	NO_PATTERN_FOUND
WO-2012025616-A1	NO_PATTERN_FOUND
WO-2012025603-A1	NO_PATTERN_FOUND
WO-2012025651-A1	NO_PATTERN_FOUND
WO-2012025602-A1	NO_PATTERN_FOUND
WO-2012025636-A1	NO_PATTERN_FOUND
WO-2012025534-A1	NO_PATTERN_FOUND
WO-2012025629-A1	NO_PATTERN_FOUND
WO-2012025577-A1	NO_PATTERN_FOUND
WO-2012025618-A1	NO_PATTERN_FOUND
WO-2012025530-A1	NO_PATTERN_FOUND
WO-2012025638-A1	NO_PATTERN_FOUND
WO-2012025362-A1	NO_PATTERN_FOUND
WO-2012025557-A1	NO_PATTERN_FOUND
WO-2012025239-A1	NO_PATTERN_FOUND
WO-2011161531-A1	NO_PATTERN_FOUND
WO-2012025621-A1	NO_PATTERN_FOUND
WO-2011161549-A2	NO_PATTERN_FOUND
WO-2011161570-A2	NO_PATTERN_FOUND
WO-2011162400-A2	NO_PATTERN_FOUND
WO-2011161537-A2	PATTERN_FOUND
WO-2011160864-A2	NO_PATTERN_FOUND
WO-2011161544-A2	NO_PATTERN_FOUND
WO-2011161056-A2	NO_PATTERN_FOUND
WO-2011163206-A2	NO_PATTERN_FOUND
WO-2011159755-A2	NO_PATTERN_FOUND
WO-2011159996-A2	NO_PATTERN_FOUND
WO-2012003205-A2	NO_PATTERN_FOUND
WO-2012003398-A1	NO_PATTERN_FOUND
WO-2012006613-A2	NO_PATTERN_FOUND
WO-2012026766-A2	NO_PATTERN_FOUND
WO-2012005410-A1	NO_PATTERN_FOUND
WO-2012001521-A2	NO_PATTERN_FOUND
WO-2012026662-A1	NO_PATTERN_FOUND
WO-2012026765-A2	NO_PATTERN_FOUND
WO-2012024849-A1	NO_PATTERN_FOUND
WO-2012025939-A1	NO_PATTERN_FOUND
WO-2012026615-A1	NO_PATTERN_FOUND
WO-2012026743-A2	NO_PATTERN_FOUND
WO-2012026608-A1	NO_PATTERN_FOUND
WO-2012026575-A1	NO_PATTERN_FOUND
WO-2012026526-A1	NO_PATTERN_FOUND
WO-2012026529-A1	NO_PATTERN_FOUND
WO-2012025940-A1	NO_PATTERN_FOUND
WO-2012025942-A1	NO_PATTERN_FOUND
WO-2012026309-A1	NO_PATTERN_FOUND
WO-2012026713-A2	NO_PATTERN_FOUND
WO-2012026565-A1	NO_PATTERN_FOUND
WO-2011142636-A9	NO_PATTERN_FOUND
WO-2012026566-A1	NO_PATTERN_FOUND
WO-2012026543-A1	NO_PATTERN_FOUND
WO-2011122916-A9	NO_PATTERN_FOUND
WO-2011096698-A9	NO_PATTERN_FOUND
WO-2011159092-A9	NO_PATTERN_FOUND
WO-2012026336-A1	NO_PATTERN_FOUND
WO-2011145872-A9	NO_PATTERN_FOUND
WO-2012026708-A2	NO_PATTERN_FOUND
WO-2012026316-A1	NO_PATTERN_FOUND
WO-2011090333-A9	NO_PATTERN_FOUND
WO-2011004944-A9	NO_PATTERN_FOUND
WO-2012026665-A1	NO_PATTERN_FOUND
WO-2012005410-A9	NO_PATTERN_FOUND
WO-2011108902-A9	NO_PATTERN_FOUND
WO-2012026511-A1	NO_PATTERN_FOUND
WO-2012026780-A1	NO_PATTERN_FOUND
WO-2012026499-A1	NO_PATTERN_FOUND
WO-2012026235-A1	NO_PATTERN_FOUND
WO-2012026493-A1	NO_PATTERN_FOUND
WO-2012026495-A1	NO_PATTERN_FOUND
WO-2012026433-A1	NO_PATTERN_FOUND
WO-2012026468-A1	NO_PATTERN_FOUND
WO-2012026106-A1	NO_PATTERN_FOUND
WO-2012026403-A1	NO_PATTERN_FOUND
EP-1526880-B1	NO_PATTERN_FOUND
WO-2012026434-A1	NO_PATTERN_FOUND
EP-1592786-B1	NO_PATTERN_FOUND
EP-1735042-B1	NO_PATTERN_FOUND
EP-2314640-A1	NO_PATTERN_FOUND
EP-2345368-A1	NO_PATTERN_FOUND
EP-2289510-A1	NO_PATTERN_FOUND
EP-1746999-B1	NO_PATTERN_FOUND
EP-1927602-B1	NO_PATTERN_FOUND
EP-1438586-B1	NO_PATTERN_FOUND
EP-1413630-B1	NO_PATTERN_FOUND
EP-1902714-B1	NO_PATTERN_FOUND
EP-1720909-B1	NO_PATTERN_FOUND
EP-2344639-A2	NO_PATTERN_FOUND
EP-1942340-B1	NO_PATTERN_FOUND
EP-2344519-A2	NO_PATTERN_FOUND
EP-1950200-B1	NO_PATTERN_FOUND
EP-2386636-A2	NO_PATTERN_FOUND
EP-2345428-A2	NO_PATTERN_FOUND
EP-2163591-A3	NO_PATTERN_FOUND
EP-2388017-A2	NO_PATTERN_FOUND
EP-2400011-A2	NO_PATTERN_FOUND
EP-2386307-A1	NO_PATTERN_FOUND
EP-2387408-A1	NO_PATTERN_FOUND
EP-2385041-A1	NO_PATTERN_FOUND
EP-2344605-A2	NO_PATTERN_FOUND
EP-2405011-A2	NO_PATTERN_FOUND
EP-2380991-A1	NO_PATTERN_FOUND
EP-2260301-B1	NO_PATTERN_FOUND
EP-2400012-A2	NO_PATTERN_FOUND
EP-2399998-A2	NO_PATTERN_FOUND
EP-2400010-A2	NO_PATTERN_FOUND
EP-2387567-A2	NO_PATTERN_FOUND
EP-2163592-A3	NO_PATTERN_FOUND
EP-2388582-A1	NO_PATTERN_FOUND
EP-2344883-A2	NO_PATTERN_FOUND
EP-2400014-A2	NO_PATTERN_FOUND
EP-2400006-A2	NO_PATTERN_FOUND
EP-2399582-A1	NO_PATTERN_FOUND
EP-2405984-A1	NO_PATTERN_FOUND
EP-2388329-A2	NO_PATTERN_FOUND
EP-2405024-A1	NO_PATTERN_FOUND
EP-2406338-A1	NO_PATTERN_FOUND
EP-2344625-A2	NO_PATTERN_FOUND
EP-2400013-A2	NO_PATTERN_FOUND
EP-2407532-A2	NO_PATTERN_FOUND
EP-2399903-A1	NO_PATTERN_FOUND
EP-2399648-A2	NO_PATTERN_FOUND
EP-2407466-A1	PATTERN_FOUND
EP-2405021-A1	NO_PATTERN_FOUND
EP-2405272-A1	NO_PATTERN_FOUND
EP-2400296-A2	NO_PATTERN_FOUND
EP-2404915-A1	NO_PATTERN_FOUND
EP-2400019-A2	NO_PATTERN_FOUND
EP-2404920-A1	NO_PATTERN_FOUND
EP-2390335-A2	NO_PATTERN_FOUND
EP-2400288-A1	NO_PATTERN_FOUND
EP-2389937-A1	NO_PATTERN_FOUND
EP-2399995-A2	NO_PATTERN_FOUND
JP-2004352972-A	NO_PATTERN_FOUND
WO-2012025928-A1	NO_PATTERN_FOUND
WO-2012025921-A1	NO_PATTERN_FOUND
WO-2012027234-A1	NO_PATTERN_FOUND
WO-2012026639-A1	NO_PATTERN_FOUND
WO-2012027206-A1	NO_PATTERN_FOUND
EP-2315004-A1	NO_PATTERN_FOUND
WO-2012025374-A1	NO_PATTERN_FOUND
WO-2011159092-A2	NO_PATTERN_FOUND
WO-2012025760-A1	NO_PATTERN_FOUND
WO-2011163328-A2	NO_PATTERN_FOUND
WO-2012026491-A1	NO_PATTERN_FOUND
WO-2011107482-A9	NO_PATTERN_FOUND
WO-2012005561-A2	NO_PATTERN_FOUND
WO-2012025914-A1	NO_PATTERN_FOUND
WO-2012025912-A1	NO_PATTERN_FOUND
WO-2012026663-A1	NO_PATTERN_FOUND
WO-2012025525-A1	NO_PATTERN_FOUND
WO-2012025510-A1	NO_PATTERN_FOUND
WO-2012024818-A1	NO_PATTERN_FOUND
WO-2012025502-A1	NO_PATTERN_FOUND
WO-2012025751-A1	NO_PATTERN_FOUND
WO-2012025746-A1	NO_PATTERN_FOUND
WO-2012027242-A1	NO_PATTERN_FOUND
WO-2012025506-A1	NO_PATTERN_FOUND
WO-2012025237-A1	NO_PATTERN_FOUND
WO-2012025551-A1	NO_PATTERN_FOUND
WO-2012003367-A2	NO_PATTERN_FOUND
EP-1705167-B1	NO_PATTERN_FOUND
JP-2008069164-A	NO_PATTERN_FOUND
JP-2008074873-A	NO_PATTERN_FOUND
JP-2008110997-A	NO_PATTERN_FOUND
JP-2008056660-A	NO_PATTERN_FOUND
JP-2008101000-A	NO_PATTERN_FOUND
JP-2008111001-A	NO_PATTERN_FOUND
JP-2010285435-A	NO_PATTERN_FOUND
JP-2010285501-A	NO_PATTERN_FOUND
JP-2010275291-A	NO_PATTERN_FOUND
JP-2010275232-A	NO_PATTERN_FOUND
JP-2010275231-A	NO_PATTERN_FOUND
JP-2010279704-A	NO_PATTERN_FOUND
JP-2010281633-A	NO_PATTERN_FOUND
JP-2011006377-A	NO_PATTERN_FOUND
JP-2011006470-A	NO_PATTERN_FOUND
JP-2011016836-A	NO_PATTERN_FOUND
JP-2011006428-A	NO_PATTERN_FOUND
JP-2008022849-A	NO_PATTERN_FOUND
JP-2011166104-A	NO_PATTERN_FOUND
JP-2011157282-A	NO_PATTERN_FOUND
JP-2011178774-A	NO_PATTERN_FOUND
JP-2011177158-A	NO_PATTERN_FOUND
JP-2011520853-A	NO_PATTERN_FOUND
JP-2011162435-A	NO_PATTERN_FOUND
JP-2011520885-A	NO_PATTERN_FOUND
JP-2011522041-A	NO_PATTERN_FOUND
JP-2011169753-A	NO_PATTERN_FOUND
JP-2011522802-A	NO_PATTERN_FOUND
JP-2011162540-A	NO_PATTERN_FOUND
JP-2011173921-A	NO_PATTERN_FOUND
JP-2011520931-A	NO_PATTERN_FOUND
JP-2011168549-A	NO_PATTERN_FOUND
JP-2011168613-A	NO_PATTERN_FOUND
JP-2011166105-A	NO_PATTERN_FOUND
JP-2011526909-A	NO_PATTERN_FOUND
JP-2011527952-A	NO_PATTERN_FOUND
JP-2011527243-A	NO_PATTERN_FOUND
JP-2011524853-A	NO_PATTERN_FOUND
JP-2011527706-A	NO_PATTERN_FOUND
JP-2011529998-A	NO_PATTERN_FOUND
US-7897032-B2	NO_PATTERN_FOUND
US-7897080-B2	NO_PATTERN_FOUND
US-8067402-B2	NO_PATTERN_FOUND
US-8066957-B2	NO_PATTERN_FOUND
US-8058443-B2	NO_PATTERN_FOUND
US-8066781-B2	NO_PATTERN_FOUND
US-8062838-B2	NO_PATTERN_FOUND
US-20110062637-A1	NO_PATTERN_FOUND
US-8053208-B2	NO_PATTERN_FOUND
US-8067403-B2	NO_PATTERN_FOUND
US-20110053848-A1	NO_PATTERN_FOUND
US-8057813-B2	NO_PATTERN_FOUND
US-8057789-B2	NO_PATTERN_FOUND
US-20120009240-A1	NO_PATTERN_FOUND
US-20110056609-A1	NO_PATTERN_FOUND
US-8053427-B1	NO_PATTERN_FOUND
US-20110059014-A1	NO_PATTERN_FOUND
US-8053209-B2	NO_PATTERN_FOUND
US-20110015228-A1	NO_PATTERN_FOUND
US-20120009288-A1	NO_PATTERN_FOUND
US-20110059477-A1	NO_PATTERN_FOUND
US-20120010265-A1	NO_PATTERN_FOUND
US-20120010205-A1	NO_PATTERN_FOUND
US-20110288127-A1	NO_PATTERN_FOUND
US-20120006682-A1	NO_PATTERN_FOUND
US-20110287546-A1	NO_PATTERN_FOUND
US-20110287414-A1	NO_PATTERN_FOUND
JP-2005226065-A	NO_PATTERN_FOUND
WO-2012024839-A1	NO_PATTERN_FOUND
WO-2012027216-A1	NO_PATTERN_FOUND
WO-2012025753-A1	NO_PATTERN_FOUND
WO-2012025650-A1	NO_PATTERN_FOUND
WO-2012025611-A1	NO_PATTERN_FOUND
WO-2012025591-A1	NO_PATTERN_FOUND
WO-2012025937-A1	NO_PATTERN_FOUND
JP-2008069182-A	NO_PATTERN_FOUND
JP-2008094846-A	NO_PATTERN_FOUND
JP-2010272309-A	NO_PATTERN_FOUND
JP-2011001437-A	NO_PATTERN_FOUND
JP-2011016784-A	NO_PATTERN_FOUND
JP-2011007705-A	NO_PATTERN_FOUND
JP-2011099789-A	NO_PATTERN_FOUND
JP-2010275248-A	NO_PATTERN_FOUND
JP-2011002528-A	NO_PATTERN_FOUND
JP-2011001386-A	NO_PATTERN_FOUND
JP-2011011997-A	NO_PATTERN_FOUND
JP-2011011979-A	NO_PATTERN_FOUND
JP-2011178815-A	NO_PATTERN_FOUND
JP-2011169787-A	NO_PATTERN_FOUND
JP-2011174944-A	NO_PATTERN_FOUND
JP-2011522385-A	NO_PATTERN_FOUND
JP-2011176333-A	NO_PATTERN_FOUND
JP-2011177118-A	NO_PATTERN_FOUND
JP-2011526267-A	NO_PATTERN_FOUND
US-7897390-B2	NO_PATTERN_FOUND
US-8063281-B2	NO_PATTERN_FOUND
US-8054941-B2	NO_PATTERN_FOUND
US-20110265212-A1	NO_PATTERN_FOUND
US-20110064190-A1	NO_PATTERN_FOUND
US-20110258729-A1	NO_PATTERN_FOUND
US-20110265210-A1	NO_PATTERN_FOUND
US-20110258731-A1	NO_PATTERN_FOUND
US-20110265211-A1	NO_PATTERN_FOUND
US-20120009325-A1	NO_PATTERN_FOUND
US-20110283391-A1	NO_PATTERN_FOUND
US-20110258718-A1	NO_PATTERN_FOUND
US-20110283393-A1	NO_PATTERN_FOUND
US-20110277114-A1	NO_PATTERN_FOUND
US-20110277126-A1	NO_PATTERN_FOUND
US-20110274593-A1	NO_PATTERN_FOUND
US-20110289624-A1	NO_PATTERN_FOUND
US-20110287020-A1	NO_PATTERN_FOUND
US-20120010115-A1	NO_PATTERN_FOUND
US-20110287405-A1	NO_PATTERN_FOUND
US-20110281822-A1	NO_PATTERN_FOUND
US-20110284765-A1	NO_PATTERN_FOUND
US-20110277337-A1	NO_PATTERN_FOUND
US-20120007071-A1	NO_PATTERN_FOUND
US-20120007058-A1	NO_PATTERN_FOUND
US-20110275587-A1	NO_PATTERN_FOUND
US-20120009132-A1	NO_PATTERN_FOUND
US-20120010210-A1	NO_PATTERN_FOUND
US-20110288227-A1	NO_PATTERN_FOUND
US-20110277486-A1	NO_PATTERN_FOUND
US-20110288273-A1	NO_PATTERN_FOUND
US-20110268680-A1	NO_PATTERN_FOUND
US-20110280825-A1	NO_PATTERN_FOUND
WO-2011008501-A2	NO_PATTERN_FOUND
WO-2011021398-A1	NO_PATTERN_FOUND
WO-2010118405-A3	NO_PATTERN_FOUND
US-20110278763-A1	NO_PATTERN_FOUND
US-20110274746-A1	NO_PATTERN_FOUND
WO-2011106088-A3	NO_PATTERN_FOUND
WO-2011033392-A2	NO_PATTERN_FOUND
WO-2011145629-A3	NO_PATTERN_FOUND
WO-2011151726-A2	NO_PATTERN_FOUND
WO-2011152742-A2	NO_PATTERN_FOUND
WO-2011152566-A2	NO_PATTERN_FOUND
WO-2011020298-A1	NO_PATTERN_FOUND
WO-2011150517-A2	NO_PATTERN_FOUND
US-20110281363-A1	NO_PATTERN_FOUND
WO-2011145105-A2	NO_PATTERN_FOUND
WO-2011151083-A2	NO_PATTERN_FOUND
WO-2011144746-A2	NO_PATTERN_FOUND
WO-2011135580-A2	NO_PATTERN_FOUND
WO-2011147981-A2	NO_PATTERN_FOUND
WO-2011163085-A2	NO_PATTERN_FOUND
WO-2011134937-A2	NO_PATTERN_FOUND
WO-2012006250-A1	NO_PATTERN_FOUND
WO-2011152804-A2	NO_PATTERN_FOUND
WO-2011027130-A1	NO_PATTERN_FOUND
WO-2012005795-A1	NO_PATTERN_FOUND
WO-2012005806-A2	NO_PATTERN_FOUND
WO-2011149993-A2	NO_PATTERN_FOUND
WO-2012003811-A1	NO_PATTERN_FOUND
WO-2011141451-A1	NO_PATTERN_FOUND
WO-2011156467-A2	NO_PATTERN_FOUND
WO-2011163628-A2	NO_PATTERN_FOUND
WO-2012004457-A1	NO_PATTERN_FOUND
WO-2012005973-A1	NO_PATTERN_FOUND
WO-2012005664-A1	NO_PATTERN_FOUND
WO-2012004900-A1	NO_PATTERN_FOUND
WO-2012006265-A1	NO_PATTERN_FOUND
WO-2011162904-A2	NO_PATTERN_FOUND
WO-2011143318-A2	NO_PATTERN_FOUND
WO-2012005473-A2	NO_PATTERN_FOUND
WO-2012005240-A1	NO_PATTERN_FOUND
WO-2011151436-A2	NO_PATTERN_FOUND
WO-2011150457-A2	NO_PATTERN_FOUND
WO-2012005691-A1	NO_PATTERN_FOUND
WO-2011140644-A1	NO_PATTERN_FOUND
WO-2011151076-A2	NO_PATTERN_FOUND
WO-2012006569-A1	NO_PATTERN_FOUND
WO-2011147889-A1	NO_PATTERN_FOUND
WO-2012005690-A1	NO_PATTERN_FOUND
WO-2011139387-A1	NO_PATTERN_FOUND
WO-2011137587-A1	NO_PATTERN_FOUND
WO-2011148131-A2	NO_PATTERN_FOUND
WO-2011144725-A2	NO_PATTERN_FOUND
WO-2011149500-A1	NO_PATTERN_FOUND
WO-2012006178-A1	NO_PATTERN_FOUND
WO-2012005693-A1	NO_PATTERN_FOUND
WO-2012004438-A1	NO_PATTERN_FOUND
WO-2012005800-A1	NO_PATTERN_FOUND
WO-2011163557-A2	NO_PATTERN_FOUND
WO-2012005824-A1	NO_PATTERN_FOUND
WO-2012005775-A1	NO_PATTERN_FOUND
WO-2012006538-A1	NO_PATTERN_FOUND
WO-2012005227-A1	NO_PATTERN_FOUND
WO-2012006544-A1	NO_PATTERN_FOUND
WO-2011156594-A2	NO_PATTERN_FOUND
WO-2011141721-A2	NO_PATTERN_FOUND
WO-2012005606-A1	NO_PATTERN_FOUND
WO-2011161206-A1	NO_PATTERN_FOUND
WO-2012006088-A1	NO_PATTERN_FOUND
WO-2011163526-A2	NO_PATTERN_FOUND
WO-2011161127-A1	NO_PATTERN_FOUND
WO-2011161035-A1	NO_PATTERN_FOUND
WO-2012001241-A1	NO_PATTERN_FOUND
WO-2012004981-A1	NO_PATTERN_FOUND
WO-2011157654-A1	NO_PATTERN_FOUND
WO-2012002913-A1	NO_PATTERN_FOUND
WO-2012005312-A1	NO_PATTERN_FOUND
WO-2012006101-A2	NO_PATTERN_FOUND
WO-2012005680-A1	NO_PATTERN_FOUND
WO-2012006302-A1	NO_PATTERN_FOUND
WO-2012005354-A1	NO_PATTERN_FOUND
WO-2012005563-A1	NO_PATTERN_FOUND
WO-2012003562-A1	NO_PATTERN_FOUND
WO-2012005310-A1	NO_PATTERN_FOUND
WO-2012005372-A1	NO_PATTERN_FOUND
WO-2012006117-A2	NO_PATTERN_FOUND
WO-2012003642-A1	NO_PATTERN_FOUND
WO-2012000102-A1	NO_PATTERN_FOUND
WO-2012003579-A1	NO_PATTERN_FOUND
WO-2012006038-A2	NO_PATTERN_FOUND
WO-2012003644-A1	NO_PATTERN_FOUND
WO-2011158130-A2	NO_PATTERN_FOUND
WO-2012002911-A1	NO_PATTERN_FOUND
WO-2012005216-A1	NO_PATTERN_FOUND
WO-2012003576-A1	NO_PATTERN_FOUND
WO-2011156252-A2	NO_PATTERN_FOUND
WO-2012003598-A1	NO_PATTERN_FOUND
WO-2012002507-A1	NO_PATTERN_FOUND
WO-2012003545-A1	NO_PATTERN_FOUND
WO-2011162818-A2	NO_PATTERN_FOUND
WO-2011159777-A2	NO_PATTERN_FOUND
WO-2012000552-A1	NO_PATTERN_FOUND
WO-2012004917-A1	NO_PATTERN_FOUND
WO-2011160569-A1	NO_PATTERN_FOUND
WO-2011161159-A1	PATTERN_FOUND
WO-2011161053-A1	NO_PATTERN_FOUND
WO-2012003466-A1	NO_PATTERN_FOUND
WO-2012002500-A1	NO_PATTERN_FOUND
WO-2012004875-A1	NO_PATTERN_FOUND
WO-2012002512-A1	NO_PATTERN_FOUND
WO-2012003475-A1	NO_PATTERN_FOUND
WO-2012002477-A1	NO_PATTERN_FOUND
WO-2012003320-A2	NO_PATTERN_FOUND
WO-2012003359-A1	NO_PATTERN_FOUND
WO-2011157496-A1	NO_PATTERN_FOUND
WO-2012001063-A1	NO_PATTERN_FOUND
WO-2012002882-A1	NO_PATTERN_FOUND
WO-2012005339-A1	NO_PATTERN_FOUND
WO-2012005328-A1	NO_PATTERN_FOUND
WO-2012002548-A1	NO_PATTERN_FOUND
WO-2012002912-A1	NO_PATTERN_FOUND
WO-2012006283-A1	NO_PATTERN_FOUND
WO-2012003279-A2	NO_PATTERN_FOUND
WO-2012001050-A1	NO_PATTERN_FOUND
WO-2012002493-A1	NO_PATTERN_FOUND
WO-2012003563-A1	NO_PATTERN_FOUND
WO-2012000064-A1	NO_PATTERN_FOUND
WO-2012002597-A1	NO_PATTERN_FOUND
WO-2012000047-A1	NO_PATTERN_FOUND
WO-2012003421-A2	NO_PATTERN_FOUND
WO-2012000925-A1	NO_PATTERN_FOUND
WO-2012000070-A1	NO_PATTERN_FOUND
WO-2012003031-A2	NO_PATTERN_FOUND
WO-2012003575-A1	NO_PATTERN_FOUND
WO-2012002594-A1	NO_PATTERN_FOUND
WO-2012002460-A1	NO_PATTERN_FOUND
WO-2012000970-A1	NO_PATTERN_FOUND
WO-2012001153-A1	NO_PATTERN_FOUND
WO-2012002486-A1	NO_PATTERN_FOUND
WO-2012002450-A1	NO_PATTERN_FOUND
WO-2012000065-A1	NO_PATTERN_FOUND
WO-2012001020-A1	NO_PATTERN_FOUND
WO-2012005109-A1	NO_PATTERN_FOUND
WO-2012002688-A2	NO_PATTERN_FOUND
WO-2012003462-A1	NO_PATTERN_FOUND
WO-2012001983-A1	NO_PATTERN_FOUND
US-20120027694-A1	NO_PATTERN_FOUND
US-20120028849-A1	NO_PATTERN_FOUND
US-20120028937-A1	NO_PATTERN_FOUND
WO-2012002522-A1	NO_PATTERN_FOUND
WO-2012000188-A1	NO_PATTERN_FOUND
EP-1939198-A4	NO_PATTERN_FOUND
WO-2012001889-A1	NO_PATTERN_FOUND
WO-2012001969-A1	NO_PATTERN_FOUND
US-20120027745-A1	NO_PATTERN_FOUND
WO-2012002180-A1	NO_PATTERN_FOUND
US-20120027791-A1	NO_PATTERN_FOUND
US-20120027794-A1	NO_PATTERN_FOUND
EP-1888557-A4	NO_PATTERN_FOUND
EP-2248815-A4	NO_PATTERN_FOUND
EP-2235018-A4	NO_PATTERN_FOUND
WO-2012001820-A1	NO_PATTERN_FOUND
EP-2063898-A4	NO_PATTERN_FOUND
EP-2125724-A4	NO_PATTERN_FOUND
US-20120028324-A1	NO_PATTERN_FOUND
EP-2203441-A4	NO_PATTERN_FOUND
EP-2035376-A4	NO_PATTERN_FOUND
EP-2328904-A4	NO_PATTERN_FOUND
EP-1887891-A4	NO_PATTERN_FOUND
US-20110057671-A1	NO_PATTERN_FOUND
WO-2012005605-A1	NO_PATTERN_FOUND
WO-2012005365-A1	NO_PATTERN_FOUND
WO-2012005200-A1	NO_PATTERN_FOUND
WO-2011163463-A1	NO_PATTERN_FOUND
WO-2012002274-A1	NO_PATTERN_FOUND
WO-2011139348-A9	NO_PATTERN_FOUND
WO-2011160848-A1	NO_PATTERN_FOUND
WO-2012006000-A1	NO_PATTERN_FOUND
WO-2012006081-A1	NO_PATTERN_FOUND
WO-2012006307-A1	NO_PATTERN_FOUND
US-8129335-B2	NO_PATTERN_FOUND
US-8129541-B2	NO_PATTERN_FOUND
US-8128962-B2	NO_PATTERN_FOUND
US-8129408-B2	NO_PATTERN_FOUND
US-8129149-B1	NO_PATTERN_FOUND
US-8129170-B1	NO_PATTERN_FOUND
US-8129171-B2	NO_PATTERN_FOUND
US-8128796-B2	NO_PATTERN_FOUND
US-8128938-B1	NO_PATTERN_FOUND
US-8129554-B2	NO_PATTERN_FOUND
US-8128801-B2	NO_PATTERN_FOUND
US-8129354-B2	NO_PATTERN_FOUND
US-8131492-B2	NO_PATTERN_FOUND
US-8129151-B2	NO_PATTERN_FOUND
US-8129550-B2	NO_PATTERN_FOUND
US-8127761-B2	NO_PATTERN_FOUND
US-8129382-B2	NO_PATTERN_FOUND
US-8129356-B2	NO_PATTERN_FOUND
US-8128963-B2	NO_PATTERN_FOUND
US-8128954-B2	NO_PATTERN_FOUND
US-8128600-B2	NO_PATTERN_FOUND
US-8127627-B2	NO_PATTERN_FOUND
US-8129531-B2	NO_PATTERN_FOUND
US-8129422-B2	NO_PATTERN_FOUND
US-8129370-B2	NO_PATTERN_FOUND
US-8129511-B2	NO_PATTERN_FOUND
US-8129589-B2	NO_PATTERN_FOUND
US-8129175-B2	NO_PATTERN_FOUND
US-8128971-B1	NO_PATTERN_FOUND
US-8129499-B2	NO_PATTERN_FOUND
US-8129189-B2	NO_PATTERN_FOUND
US-8129141-B2	NO_PATTERN_FOUND
US-8130378-B2	NO_PATTERN_FOUND
US-8128921-B2	NO_PATTERN_FOUND
US-8129360-B2	NO_PATTERN_FOUND
US-8129676-B2	NO_PATTERN_FOUND
US-8129133-B2	NO_PATTERN_FOUND
US-8129130-B2	NO_PATTERN_FOUND
US-8128952-B2	NO_PATTERN_FOUND
US-8129452-B2	NO_PATTERN_FOUND
US-8129536-B2	NO_PATTERN_FOUND
US-8128913-B1	NO_PATTERN_FOUND
US-8130379-B1	NO_PATTERN_FOUND
US-20110277129-A1	NO_PATTERN_FOUND
US-20110277095-A1	NO_PATTERN_FOUND
US-20110258720-A1	NO_PATTERN_FOUND
US-20110283401-A1	NO_PATTERN_FOUND
US-20110283404-A1	NO_PATTERN_FOUND
US-20110277127-A1	NO_PATTERN_FOUND
US-20110277067-A1	NO_PATTERN_FOUND
US-20110277118-A1	NO_PATTERN_FOUND
US-20110277117-A1	NO_PATTERN_FOUND
US-20110277090-A1	NO_PATTERN_FOUND
US-20110277144-A1	NO_PATTERN_FOUND
US-20110277080-A1	NO_PATTERN_FOUND
US-20110277072-A1	NO_PATTERN_FOUND
US-20110277142-A1	NO_PATTERN_FOUND
US-20110277149-A1	NO_PATTERN_FOUND
US-20110277143-A1	NO_PATTERN_FOUND
US-20110277065-A1	NO_PATTERN_FOUND
US-20110271391-A1	NO_PATTERN_FOUND
US-20110277102-A1	NO_PATTERN_FOUND
US-20110283390-A1	NO_PATTERN_FOUND
US-20110277152-A1	NO_PATTERN_FOUND
US-20110277163-A1	NO_PATTERN_FOUND
US-20110277151-A1	NO_PATTERN_FOUND
US-20110277096-A1	NO_PATTERN_FOUND
US-20110277131-A1	NO_PATTERN_FOUND
US-20110271382-A1	NO_PATTERN_FOUND
US-20110271389-A1	NO_PATTERN_FOUND
US-20110277164-A1	NO_PATTERN_FOUND
US-20110277113-A1	NO_PATTERN_FOUND
US-20110283396-A1	NO_PATTERN_FOUND
US-20110277161-A1	NO_PATTERN_FOUND
US-20110277115-A1	NO_PATTERN_FOUND
US-20110280370-A1	NO_PATTERN_FOUND
US-20110283414-A1	NO_PATTERN_FOUND
US-20110271384-A1	NO_PATTERN_FOUND
US-20110283395-A1	NO_PATTERN_FOUND
US-20110271380-A1	NO_PATTERN_FOUND
US-20110277162-A1	NO_PATTERN_FOUND
US-20110277101-A1	NO_PATTERN_FOUND
US-20110277070-A1	NO_PATTERN_FOUND
US-20110271383-A1	NO_PATTERN_FOUND
US-20110277079-A1	NO_PATTERN_FOUND
US-20110277141-A1	NO_PATTERN_FOUND
US-20110277103-A1	NO_PATTERN_FOUND
US-20110277089-A1	NO_PATTERN_FOUND
US-20110277150-A1	NO_PATTERN_FOUND
US-20110277125-A1	NO_PATTERN_FOUND
US-20110277130-A1	NO_PATTERN_FOUND
US-20110277132-A1	NO_PATTERN_FOUND
US-20110277078-A1	NO_PATTERN_FOUND
US-20110271381-A1	NO_PATTERN_FOUND
US-20110271390-A1	NO_PATTERN_FOUND
US-8063282-B1	NO_PATTERN_FOUND
US-20110046725-A1	NO_PATTERN_FOUND
US-20120006091-A1	NO_PATTERN_FOUND
US-20110258730-A1	NO_PATTERN_FOUND
US-8130369-B2	NO_PATTERN_FOUND
US-8128894-B2	NO_PATTERN_FOUND
US-8131472-B2	NO_PATTERN_FOUND
US-8129602-B2	NO_PATTERN_FOUND
US-8129198-B2	NO_PATTERN_FOUND
US-8129193-B2	NO_PATTERN_FOUND
US-8130373-B2	NO_PATTERN_FOUND
US-8128892-B2	NO_PATTERN_FOUND
US-8129501-B2	NO_PATTERN_FOUND
US-8129468-B2	NO_PATTERN_FOUND
US-8129603-B2	NO_PATTERN_FOUND
US-8129600-B1	NO_PATTERN_FOUND
US-8129597-B2	NO_PATTERN_FOUND
US-8129037-B2	NO_PATTERN_FOUND
US-8128956-B2	NO_PATTERN_FOUND
US-8128872-B2	NO_PATTERN_FOUND
US-8129570-B2	NO_PATTERN_FOUND
US-8130000-B2	NO_PATTERN_FOUND
US-8129979-B2	NO_PATTERN_FOUND
US-8129540-B2	NO_PATTERN_FOUND
US-8129426-B2	NO_PATTERN_FOUND
US-8129978-B2	NO_PATTERN_FOUND
US-8129337-B2	NO_PATTERN_FOUND
US-8128795-B2	NO_PATTERN_FOUND
US-8129181-B2	NO_PATTERN_FOUND
US-8128935-B2	NO_PATTERN_FOUND
US-8129108-B2	NO_PATTERN_FOUND
US-8129543-B2	NO_PATTERN_FOUND
US-8131493-B2	NO_PATTERN_FOUND
US-8129156-B2	NO_PATTERN_FOUND
US-8129182-B2	NO_PATTERN_FOUND
US-8129127-B2	NO_PATTERN_FOUND
US-8129169-B2	NO_PATTERN_FOUND
US-8129106-B2	NO_PATTERN_FOUND
US-8129350-B2	NO_PATTERN_FOUND
US-8129551-B2	NO_PATTERN_FOUND
US-8128965-B2	NO_PATTERN_FOUND
US-8128966-B2	NO_PATTERN_FOUND
US-8129506-B2	NO_PATTERN_FOUND
US-8128968-B2	NO_PATTERN_FOUND
US-8129362-B2	NO_PATTERN_FOUND
US-8129157-B2	NO_PATTERN_FOUND
US-8128961-B2	NO_PATTERN_FOUND
US-8129692-B2	NO_PATTERN_FOUND
US-8129518-B2	NO_PATTERN_FOUND
US-8129343-B2	NO_PATTERN_FOUND
US-8128905-B2	NO_PATTERN_FOUND
US-8127612-B2	NO_PATTERN_FOUND
US-8129521-B2	NO_PATTERN_FOUND
US-8128939-B2	NO_PATTERN_FOUND
US-8129375-B2	NO_PATTERN_FOUND
US-8129390-B2	NO_PATTERN_FOUND
US-8128946-B2	NO_PATTERN_FOUND
US-8128981-B2	NO_PATTERN_FOUND
US-8129421-B2	NO_PATTERN_FOUND
US-8129180-B2	NO_PATTERN_FOUND
US-8129345-B2	NO_PATTERN_FOUND
US-8129399-B2	NO_PATTERN_FOUND
US-8128964-B2	NO_PATTERN_FOUND
US-8128936-B2	NO_PATTERN_FOUND
US-8129395-B2	NO_PATTERN_FOUND
US-8129523-B2	NO_PATTERN_FOUND
US-8128969-B2	NO_PATTERN_FOUND
US-8129357-B2	NO_PATTERN_FOUND
US-8128924-B2	NO_PATTERN_FOUND
US-8129562-B2	NO_PATTERN_FOUND
US-8129134-B2	NO_PATTERN_FOUND
US-8128942-B2	NO_PATTERN_FOUND
US-8131020-B2	NO_PATTERN_FOUND
US-8129355-B2	NO_PATTERN_FOUND
US-8129418-B2	NO_PATTERN_FOUND
US-8129129-B2	NO_PATTERN_FOUND
US-8129512-B2	NO_PATTERN_FOUND
US-8129383-B2	NO_PATTERN_FOUND
US-8129161-B2	NO_PATTERN_FOUND
US-8131496-B2	NO_PATTERN_FOUND
US-8129400-B2	NO_PATTERN_FOUND
US-8128941-B2	NO_PATTERN_FOUND
US-8130903-B2	NO_PATTERN_FOUND
US-8127926-B2	NO_PATTERN_FOUND
US-8128923-B2	NO_PATTERN_FOUND
US-8128871-B2	NO_PATTERN_FOUND
US-8129413-B2	NO_PATTERN_FOUND
US-8128922-B2	NO_PATTERN_FOUND
US-8129478-B2	NO_PATTERN_FOUND
US-8129561-B2	NO_PATTERN_FOUND
US-8129347-B2	NO_PATTERN_FOUND
US-8130106-B1	NO_PATTERN_FOUND
US-8129126-B2	NO_PATTERN_FOUND
US-8129162-B2	NO_PATTERN_FOUND
US-8129444-B2	NO_PATTERN_FOUND
US-8129443-B2	NO_PATTERN_FOUND
US-8129538-B1	NO_PATTERN_FOUND
US-8128944-B2	NO_PATTERN_FOUND
US-8131480-B2	NO_PATTERN_FOUND
US-8129425-B2	NO_PATTERN_FOUND
US-8129527-B2	NO_PATTERN_FOUND
US-8128951-B2	NO_PATTERN_FOUND
US-8129364-B2	NO_PATTERN_FOUND
US-8129515-B2	NO_PATTERN_FOUND
US-8128612-B2	NO_PATTERN_FOUND
US-8129352-B2	NO_PATTERN_FOUND
US-8128708-B2	NO_PATTERN_FOUND
US-8129417-B2	NO_PATTERN_FOUND
US-8129110-B2	NO_PATTERN_FOUND
US-8129038-B2	NO_PATTERN_FOUND
US-8129164-B2	NO_PATTERN_FOUND
US-8129173-B2	NO_PATTERN_FOUND
US-8129598-B2	NO_PATTERN_FOUND
US-8129394-B2	NO_PATTERN_FOUND
US-8128509-B2	NO_PATTERN_FOUND
US-8129416-B2	NO_PATTERN_FOUND
US-8127516-B2	NO_PATTERN_FOUND
US-8129415-B2	NO_PATTERN_FOUND
US-8129111-B2	NO_PATTERN_FOUND
US-8129427-B2	NO_PATTERN_FOUND
US-8129186-B2	NO_PATTERN_FOUND
US-8129899-B1	NO_PATTERN_FOUND
US-8128925-B2	NO_PATTERN_FOUND
US-8129397-B2	NO_PATTERN_FOUND
US-8129376-B2	NO_PATTERN_FOUND
US-8129429-B2	NO_PATTERN_FOUND
US-8129537-B2	NO_PATTERN_FOUND
US-8128931-B2	NO_PATTERN_FOUND
US-8129366-B2	NO_PATTERN_FOUND
US-8129430-B2	NO_PATTERN_FOUND
US-8127625-B2	NO_PATTERN_FOUND
US-8129586-B2	NO_PATTERN_FOUND
US-8128908-B2	NO_PATTERN_FOUND
US-8129341-B2	NO_PATTERN_FOUND
US-8129510-B2	NO_PATTERN_FOUND
US-8128934-B2	NO_PATTERN_FOUND
US-8131348-B2	NO_PATTERN_FOUND
US-8128707-B2	NO_PATTERN_FOUND
US-8129393-B2	NO_PATTERN_FOUND
US-8129116-B2	NO_PATTERN_FOUND
US-8129402-B2	NO_PATTERN_FOUND
US-8129539-B2	NO_PATTERN_FOUND
US-8129117-B2	NO_PATTERN_FOUND
US-8129508-B2	NO_PATTERN_FOUND
US-8129405-B2	NO_PATTERN_FOUND
US-8129542-B2	NO_PATTERN_FOUND
US-8129315-B2	NO_PATTERN_FOUND
US-8129332-B2	NO_PATTERN_FOUND
US-8129166-B2	NO_PATTERN_FOUND
US-8129503-B2	NO_PATTERN_FOUND
US-8129387-B2	NO_PATTERN_FOUND
US-8131527-B1	NO_PATTERN_FOUND
US-8129566-B2	NO_PATTERN_FOUND
US-8129191-B2	NO_PATTERN_FOUND
US-8129593-B2	NO_PATTERN_FOUND
US-8128950-B2	NO_PATTERN_FOUND
US-8128279-B2	NO_PATTERN_FOUND
US-8129592-B2	NO_PATTERN_FOUND
US-8129401-B2	NO_PATTERN_FOUND
US-8129509-B2	NO_PATTERN_FOUND
US-8129534-B2	NO_PATTERN_FOUND
US-8129346-B2	NO_PATTERN_FOUND
US-8129675-B2	NO_PATTERN_FOUND
US-8131474-B2	NO_PATTERN_FOUND
US-8128947-B2	NO_PATTERN_FOUND
US-8129374-B2	NO_PATTERN_FOUND
US-8129139-B2	NO_PATTERN_FOUND
US-8129568-B2	NO_PATTERN_FOUND
US-8128912-B2	NO_PATTERN_FOUND
US-8128945-B2	NO_PATTERN_FOUND
US-8129505-B2	NO_PATTERN_FOUND
US-8129528-B2	NO_PATTERN_FOUND
US-8129424-B2	NO_PATTERN_FOUND
US-8129358-B2	NO_PATTERN_FOUND
US-8129389-B2	NO_PATTERN_FOUND
US-8128937-B2	NO_PATTERN_FOUND
US-8129369-B2	NO_PATTERN_FOUND
US-8128663-B2	NO_PATTERN_FOUND
US-8129412-B2	PATTERN_FOUND
US-8129064-B2	NO_PATTERN_FOUND
US-8129342-B2	NO_PATTERN_FOUND
US-8129128-B2	NO_PATTERN_FOUND
US-8129684-B2	NO_PATTERN_FOUND
US-8131333-B2	NO_PATTERN_FOUND
US-8129548-B2	NO_PATTERN_FOUND
US-8129329-B2	NO_PATTERN_FOUND
US-8129168-B2	NO_PATTERN_FOUND
US-8129500-B2	NO_PATTERN_FOUND
US-8129428-B2	NO_PATTERN_FOUND
US-8128802-B2	NO_PATTERN_FOUND
US-8128983-B2	NO_PATTERN_FOUND
US-8129113-B2	NO_PATTERN_FOUND
US-8129107-B2	NO_PATTERN_FOUND
US-8129176-B2	NO_PATTERN_FOUND
US-8129338-B2	NO_PATTERN_FOUND
US-8128874-B2	NO_PATTERN_FOUND
JP-4620061-B2	NO_PATTERN_FOUND
US-8128916-B2	NO_PATTERN_FOUND
US-8131520-B2	NO_PATTERN_FOUND
US-8129381-B2	NO_PATTERN_FOUND
US-8127601-B2	NO_PATTERN_FOUND
JP-4719831-B2	NO_PATTERN_FOUND
US-8129123-B2	NO_PATTERN_FOUND
US-8129190-B2	NO_PATTERN_FOUND
US-8128914-B2	NO_PATTERN_FOUND
JP-4707952-B2	NO_PATTERN_FOUND
JP-4801063-B2	NO_PATTERN_FOUND
JP-4100713-B2	NO_PATTERN_FOUND
JP-4626752-B2	NO_PATTERN_FOUND
JP-4105762-B2	NO_PATTERN_FOUND
JP-4616993-B2	NO_PATTERN_FOUND
JP-4796258-B2	NO_PATTERN_FOUND
JP-4694201-B2	NO_PATTERN_FOUND
JP-4711360-B2	NO_PATTERN_FOUND
JP-4619595-B2	NO_PATTERN_FOUND
JP-4624562-B2	NO_PATTERN_FOUND
JP-4628622-B2	NO_PATTERN_FOUND
JP-4808960-B2	NO_PATTERN_FOUND
JP-4098474-B2	NO_PATTERN_FOUND
JP-4601816-B2	NO_PATTERN_FOUND
JP-4797019-B2	NO_PATTERN_FOUND
JP-4531141-B2	NO_PATTERN_FOUND
JP-4814245-B2	NO_PATTERN_FOUND
JP-4818516-B2	NO_PATTERN_FOUND
JP-4607319-B2	NO_PATTERN_FOUND
JP-4607451-B2	NO_PATTERN_FOUND
JP-4808402-B2	NO_PATTERN_FOUND
JP-4074458-B2	NO_PATTERN_FOUND
JP-4807903-B2	NO_PATTERN_FOUND
JP-4705248-B2	NO_PATTERN_FOUND
JP-4813469-B2	NO_PATTERN_FOUND
JP-4755182-B2	NO_PATTERN_FOUND
JP-4750360-B2	NO_PATTERN_FOUND
JP-4762472-B2	NO_PATTERN_FOUND
JP-4708648-B2	NO_PATTERN_FOUND
JP-4711515-B2	NO_PATTERN_FOUND
JP-4709488-B2	NO_PATTERN_FOUND
JP-4711509-B2	NO_PATTERN_FOUND
JP-4709392-B2	NO_PATTERN_FOUND
JP-4723480-B2	NO_PATTERN_FOUND
JP-4732519-B2	NO_PATTERN_FOUND
JP-4711511-B2	NO_PATTERN_FOUND
JP-4637351-B2	NO_PATTERN_FOUND
JP-4740455-B2	NO_PATTERN_FOUND
JP-4739678-B2	NO_PATTERN_FOUND
JP-4772264-B2	NO_PATTERN_FOUND
JP-4803937-B2	NO_PATTERN_FOUND
JP-4825353-B2	NO_PATTERN_FOUND
JP-4815085-B2	NO_PATTERN_FOUND
JP-4733037-B2	NO_PATTERN_FOUND
JP-4718172-B2	NO_PATTERN_FOUND
JP-4723379-B2	NO_PATTERN_FOUND
JP-4735861-B2	NO_PATTERN_FOUND
JP-4657605-B2	NO_PATTERN_FOUND
JP-4651663-B2	NO_PATTERN_FOUND
JP-4698027-B2	NO_PATTERN_FOUND
JP-4652817-B2	NO_PATTERN_FOUND
JP-4656726-B2	NO_PATTERN_FOUND
JP-4755113-B2	NO_PATTERN_FOUND
JP-2011018919-A	NO_PATTERN_FOUND
JP-2011006438-A	NO_PATTERN_FOUND
JP-2010270113-A	NO_PATTERN_FOUND
JP-2011016826-A	NO_PATTERN_FOUND
JP-2010180211-A	NO_PATTERN_FOUND
JP-2011520977-A	NO_PATTERN_FOUND
JP-2011160796-A	NO_PATTERN_FOUND
JP-2011168799-A	NO_PATTERN_FOUND
JP-2011155990-A	NO_PATTERN_FOUND
JP-2011521652-A	NO_PATTERN_FOUND
JP-2011528692-A	NO_PATTERN_FOUND
JP-2011519579-A	NO_PATTERN_FOUND
JP-2011518784-A	NO_PATTERN_FOUND
JP-2011528659-A	NO_PATTERN_FOUND
JP-2011526915-A	NO_PATTERN_FOUND
JP-2011527357-A	NO_PATTERN_FOUND
JP-2011527345-A	NO_PATTERN_FOUND
JP-2011527693-A	NO_PATTERN_FOUND
JP-2011529026-A	NO_PATTERN_FOUND
JP-2011524340-A	NO_PATTERN_FOUND
WO-2011109113-A9	NO_PATTERN_FOUND
EP-2253626-A4	NO_PATTERN_FOUND
EP-2345414-A4	NO_PATTERN_FOUND
EP-2342193-A4	NO_PATTERN_FOUND
EP-2236498-A4	NO_PATTERN_FOUND
EP-2246355-A4	NO_PATTERN_FOUND
EP-2205611-A4	NO_PATTERN_FOUND
EP-2226328-A4	NO_PATTERN_FOUND
EP-2216032-A4	NO_PATTERN_FOUND
EP-2231166-A4	NO_PATTERN_FOUND
EP-2174974-A4	NO_PATTERN_FOUND
EP-2340823-A4	NO_PATTERN_FOUND
EP-2276342-A4	NO_PATTERN_FOUND
JP-2011006481-A	NO_PATTERN_FOUND
EP-2200607-A4	NO_PATTERN_FOUND
EP-2143428-A4	NO_PATTERN_FOUND
EP-2117354-A4	NO_PATTERN_FOUND
EP-2303897-A4	NO_PATTERN_FOUND
EP-2328582-A4	NO_PATTERN_FOUND
EP-2281825-A4	NO_PATTERN_FOUND
EP-2262509-A4	NO_PATTERN_FOUND
